# Logfile created on 2015-09-04 15:58:29 -0700 by logger.rb/31641
I, [2015-09-04T15:58:29.571927 #33743]  INFO -- : 0:  rake (10.4.2) from /Users/seth/Work/_gems/slug/vendor/ruby/1.9.1/specifications/rake-10.4.2.gemspec
I, [2015-09-04T15:58:29.968008 #33743]  INFO -- : 0:  i18n (0.7.0) from /Users/seth/Work/_gems/slug/vendor/ruby/1.9.1/specifications/i18n-0.7.0.gemspec
I, [2015-09-04T15:58:33.788147 #33743]  INFO -- : 0:  json (1.8.3) from /Users/seth/Work/_gems/slug/vendor/ruby/1.9.1/specifications/json-1.8.3.gemspec
I, [2015-09-04T15:58:34.202437 #33743]  INFO -- : 0:  minitest (5.8.0) from /Users/seth/Work/_gems/slug/vendor/ruby/1.9.1/specifications/minitest-5.8.0.gemspec
I, [2015-09-04T15:58:34.634501 #33743]  INFO -- : 0:  thread_safe (0.3.5) from /Users/seth/Work/_gems/slug/vendor/ruby/1.9.1/specifications/thread_safe-0.3.5.gemspec
I, [2015-09-04T15:58:35.135318 #33743]  INFO -- : 0:  tzinfo (1.2.2) from /Users/seth/Work/_gems/slug/vendor/ruby/1.9.1/specifications/tzinfo-1.2.2.gemspec
I, [2015-09-04T15:58:35.786598 #33743]  INFO -- : 0:  activesupport (4.2.4) from /Users/seth/Work/_gems/slug/vendor/ruby/1.9.1/specifications/activesupport-4.2.4.gemspec
I, [2015-09-04T15:58:36.091402 #33743]  INFO -- : 0:  builder (3.2.2) from /Users/seth/Work/_gems/slug/vendor/ruby/1.9.1/specifications/builder-3.2.2.gemspec
I, [2015-09-04T15:58:36.429405 #33743]  INFO -- : 0:  activemodel (4.2.4) from /Users/seth/Work/_gems/slug/vendor/ruby/1.9.1/specifications/activemodel-4.2.4.gemspec
I, [2015-09-04T15:58:36.798115 #33743]  INFO -- : 0:  arel (6.0.3) from /Users/seth/Work/_gems/slug/vendor/ruby/1.9.1/specifications/arel-6.0.3.gemspec
I, [2015-09-04T15:58:37.438591 #33743]  INFO -- : 0:  activerecord (4.2.4) from /Users/seth/Work/_gems/slug/vendor/ruby/1.9.1/specifications/activerecord-4.2.4.gemspec
I, [2015-09-04T15:58:37.800868 #33743]  INFO -- : 0:  diff-lcs (1.2.5) from /Users/seth/Work/_gems/slug/vendor/ruby/1.9.1/specifications/diff-lcs-1.2.5.gemspec
I, [2015-09-04T15:58:38.100868 #33743]  INFO -- : 0:  rspec-support (3.3.0) from /Users/seth/Work/_gems/slug/vendor/ruby/1.9.1/specifications/rspec-support-3.3.0.gemspec
I, [2015-09-04T15:58:38.520825 #33743]  INFO -- : 0:  rspec-core (3.3.2) from /Users/seth/Work/_gems/slug/vendor/ruby/1.9.1/specifications/rspec-core-3.3.2.gemspec
I, [2015-09-04T15:58:38.871269 #33743]  INFO -- : 0:  rspec-expectations (3.3.1) from /Users/seth/Work/_gems/slug/vendor/ruby/1.9.1/specifications/rspec-expectations-3.3.1.gemspec
I, [2015-09-04T15:58:39.606910 #33743]  INFO -- : 0:  rspec-mocks (3.3.2) from /Users/seth/Work/_gems/slug/vendor/ruby/1.9.1/specifications/rspec-mocks-3.3.2.gemspec
I, [2015-09-04T15:58:39.888841 #33743]  INFO -- : 0:  rspec (3.3.0) from /Users/seth/Work/_gems/slug/vendor/ruby/1.9.1/specifications/rspec-3.3.0.gemspec
I, [2015-09-04T15:58:39.909661 #33743]  INFO -- : 0:  slug (5.0.0) from /Users/seth/Work/_gems/slug/slug.gemspec
I, [2015-09-04T15:58:39.910213 #33743]  INFO -- : 0:  bundler (1.5.0) from /Users/seth/.rbenv/versions/1.9.3-p392/lib/ruby/gems/1.9.1/gems/bundler-1.5.0/lib/bundler/source
I, [2015-09-04T16:00:09.933090 #34161]  INFO -- : 0:  rake (10.4.2) from /Users/seth/Work/_gems/slug/vendor/ruby/1.9.1/specifications/rake-10.4.2.gemspec
I, [2015-09-04T16:00:09.934043 #34161]  INFO -- : 0:  i18n (0.7.0) from /Users/seth/Work/_gems/slug/vendor/ruby/1.9.1/specifications/i18n-0.7.0.gemspec
I, [2015-09-04T16:00:09.934481 #34161]  INFO -- : 0:  json (1.8.3) from /Users/seth/Work/_gems/slug/vendor/ruby/1.9.1/specifications/json-1.8.3.gemspec
I, [2015-09-04T16:00:09.934894 #34161]  INFO -- : 0:  minitest (5.8.0) from /Users/seth/Work/_gems/slug/vendor/ruby/1.9.1/specifications/minitest-5.8.0.gemspec
I, [2015-09-04T16:00:09.935340 #34161]  INFO -- : 0:  thread_safe (0.3.5) from /Users/seth/Work/_gems/slug/vendor/ruby/1.9.1/specifications/thread_safe-0.3.5.gemspec
I, [2015-09-04T16:00:09.935801 #34161]  INFO -- : 0:  tzinfo (1.2.2) from /Users/seth/Work/_gems/slug/vendor/ruby/1.9.1/specifications/tzinfo-1.2.2.gemspec
I, [2015-09-04T16:00:09.936289 #34161]  INFO -- : 0:  activesupport (4.2.4) from /Users/seth/Work/_gems/slug/vendor/ruby/1.9.1/specifications/activesupport-4.2.4.gemspec
I, [2015-09-04T16:00:09.936780 #34161]  INFO -- : 0:  builder (3.2.2) from /Users/seth/Work/_gems/slug/vendor/ruby/1.9.1/specifications/builder-3.2.2.gemspec
I, [2015-09-04T16:00:09.937382 #34161]  INFO -- : 0:  activemodel (4.2.4) from /Users/seth/Work/_gems/slug/vendor/ruby/1.9.1/specifications/activemodel-4.2.4.gemspec
I, [2015-09-04T16:00:09.937957 #34161]  INFO -- : 0:  arel (6.0.3) from /Users/seth/Work/_gems/slug/vendor/ruby/1.9.1/specifications/arel-6.0.3.gemspec
I, [2015-09-04T16:00:09.938541 #34161]  INFO -- : 0:  activerecord (4.2.4) from /Users/seth/Work/_gems/slug/vendor/ruby/1.9.1/specifications/activerecord-4.2.4.gemspec
I, [2015-09-04T16:00:10.829944 #34161]  INFO -- : 0:  addressable (2.3.8) from /Users/seth/Work/_gems/slug/vendor/ruby/1.9.1/specifications/addressable-2.3.8.gemspec
I, [2015-09-04T16:00:10.830463 #34161]  INFO -- : 0:  bundler (1.5.0) from /Users/seth/.rbenv/versions/1.9.3-p392/lib/ruby/gems/1.9.1/gems/bundler-1.5.0/lib/bundler/source
I, [2015-09-04T16:00:11.169505 #34161]  INFO -- : 0:  descendants_tracker (0.0.4) from /Users/seth/Work/_gems/slug/vendor/ruby/1.9.1/specifications/descendants_tracker-0.0.4.gemspec
I, [2015-09-04T16:00:11.481169 #34161]  INFO -- : 0:  multipart-post (2.0.0) from /Users/seth/Work/_gems/slug/vendor/ruby/1.9.1/specifications/multipart-post-2.0.0.gemspec
I, [2015-09-04T16:00:11.872274 #34161]  INFO -- : 0:  faraday (0.9.1) from /Users/seth/Work/_gems/slug/vendor/ruby/1.9.1/specifications/faraday-0.9.1.gemspec
I, [2015-09-04T16:00:12.188120 #34161]  INFO -- : 0:  git (1.2.9.1) from /Users/seth/Work/_gems/slug/vendor/ruby/1.9.1/specifications/git-1.2.9.1.gemspec
I, [2015-09-04T16:00:12.565894 #34161]  INFO -- : 0:  hashie (3.4.2) from /Users/seth/Work/_gems/slug/vendor/ruby/1.9.1/specifications/hashie-3.4.2.gemspec
I, [2015-09-04T16:00:12.875353 #34161]  INFO -- : 0:  multi_json (1.11.2) from /Users/seth/Work/_gems/slug/vendor/ruby/1.9.1/specifications/multi_json-1.11.2.gemspec
I, [2015-09-04T16:00:13.182341 #34161]  INFO -- : 0:  mini_portile (0.6.2) from /Users/seth/Work/_gems/slug/vendor/ruby/1.9.1/specifications/mini_portile-0.6.2.gemspec
I, [2015-09-04T16:01:18.326070 #34161]  INFO -- : 0:  nokogiri (1.6.6.2) from /Users/seth/Work/_gems/slug/vendor/ruby/1.9.1/specifications/nokogiri-1.6.6.2.gemspec
I, [2015-09-04T16:01:18.705392 #34161]  INFO -- : 0:  jwt (1.5.1) from /Users/seth/Work/_gems/slug/vendor/ruby/1.9.1/specifications/jwt-1.5.1.gemspec
I, [2015-09-04T16:01:19.040376 #34161]  INFO -- : 0:  multi_xml (0.5.5) from /Users/seth/Work/_gems/slug/vendor/ruby/1.9.1/specifications/multi_xml-0.5.5.gemspec
I, [2015-09-04T16:01:19.562343 #34161]  INFO -- : 0:  rack (1.6.4) from /Users/seth/Work/_gems/slug/vendor/ruby/1.9.1/specifications/rack-1.6.4.gemspec
I, [2015-09-04T16:01:19.878416 #34161]  INFO -- : 0:  oauth2 (1.0.0) from /Users/seth/Work/_gems/slug/vendor/ruby/1.9.1/specifications/oauth2-1.0.0.gemspec
I, [2015-09-04T16:01:20.506403 #34161]  INFO -- : 0:  github_api (0.12.4) from /Users/seth/Work/_gems/slug/vendor/ruby/1.9.1/specifications/github_api-0.12.4.gemspec
I, [2015-09-04T16:01:20.931338 #34161]  INFO -- : 0:  highline (1.7.3) from /Users/seth/Work/_gems/slug/vendor/ruby/1.9.1/specifications/highline-1.7.3.gemspec
I, [2015-09-04T16:01:21.780957 #34161]  INFO -- : 0:  rdoc (4.2.0) from /Users/seth/Work/_gems/slug/vendor/ruby/1.9.1/specifications/rdoc-4.2.0.gemspec
I, [2015-09-04T16:01:22.306377 #34161]  INFO -- : 0:  jeweler (2.0.1) from /Users/seth/Work/_gems/slug/vendor/ruby/1.9.1/specifications/jeweler-2.0.1.gemspec
I, [2015-09-04T16:01:22.353319 #34161]  INFO -- : 0:  slug (5.0.0) from /Users/seth/Work/_gems/slug/slug.gemspec
I, [2015-09-04T16:01:22.970633 #34161]  INFO -- : 0:  spicycode-rcov (0.8.2.1) from /Users/seth/Work/_gems/slug/vendor/ruby/1.9.1/specifications/spicycode-rcov-0.8.2.1.gemspec
I, [2015-09-04T16:09:12.136701 #57505]  INFO -- : 0:  rake (10.4.2) from /Users/seth/Work/_gems/slug/vendor/ruby/1.9.1/specifications/rake-10.4.2.gemspec
I, [2015-09-04T16:09:12.137677 #57505]  INFO -- : 0:  i18n (0.7.0) from /Users/seth/Work/_gems/slug/vendor/ruby/1.9.1/specifications/i18n-0.7.0.gemspec
I, [2015-09-04T16:09:12.138171 #57505]  INFO -- : 0:  json (1.8.3) from /Users/seth/Work/_gems/slug/vendor/ruby/1.9.1/specifications/json-1.8.3.gemspec
I, [2015-09-04T16:09:12.138656 #57505]  INFO -- : 0:  minitest (5.8.0) from /Users/seth/Work/_gems/slug/vendor/ruby/1.9.1/specifications/minitest-5.8.0.gemspec
I, [2015-09-04T16:09:12.139012 #57505]  INFO -- : 0:  thread_safe (0.3.5) from /Users/seth/Work/_gems/slug/vendor/ruby/1.9.1/specifications/thread_safe-0.3.5.gemspec
I, [2015-09-04T16:09:12.139408 #57505]  INFO -- : 0:  tzinfo (1.2.2) from /Users/seth/Work/_gems/slug/vendor/ruby/1.9.1/specifications/tzinfo-1.2.2.gemspec
I, [2015-09-04T16:09:12.139814 #57505]  INFO -- : 0:  activesupport (4.2.4) from /Users/seth/Work/_gems/slug/vendor/ruby/1.9.1/specifications/activesupport-4.2.4.gemspec
I, [2015-09-04T16:09:12.140234 #57505]  INFO -- : 0:  builder (3.2.2) from /Users/seth/Work/_gems/slug/vendor/ruby/1.9.1/specifications/builder-3.2.2.gemspec
I, [2015-09-04T16:09:12.140633 #57505]  INFO -- : 0:  activemodel (4.2.4) from /Users/seth/Work/_gems/slug/vendor/ruby/1.9.1/specifications/activemodel-4.2.4.gemspec
I, [2015-09-04T16:09:12.141103 #57505]  INFO -- : 0:  arel (6.0.3) from /Users/seth/Work/_gems/slug/vendor/ruby/1.9.1/specifications/arel-6.0.3.gemspec
I, [2015-09-04T16:09:12.141557 #57505]  INFO -- : 0:  activerecord (4.2.4) from /Users/seth/Work/_gems/slug/vendor/ruby/1.9.1/specifications/activerecord-4.2.4.gemspec
I, [2015-09-04T16:09:12.142061 #57505]  INFO -- : 0:  addressable (2.3.8) from /Users/seth/Work/_gems/slug/vendor/ruby/1.9.1/specifications/addressable-2.3.8.gemspec
I, [2015-09-04T16:09:12.142530 #57505]  INFO -- : 0:  bundler (1.5.0) from /Users/seth/.rbenv/versions/1.9.3-p392/lib/ruby/gems/1.9.1/gems/bundler-1.5.0/lib/bundler/source
I, [2015-09-04T16:09:12.143091 #57505]  INFO -- : 0:  descendants_tracker (0.0.4) from /Users/seth/Work/_gems/slug/vendor/ruby/1.9.1/specifications/descendants_tracker-0.0.4.gemspec
I, [2015-09-04T16:09:12.143667 #57505]  INFO -- : 0:  multipart-post (2.0.0) from /Users/seth/Work/_gems/slug/vendor/ruby/1.9.1/specifications/multipart-post-2.0.0.gemspec
I, [2015-09-04T16:09:12.144268 #57505]  INFO -- : 0:  faraday (0.9.1) from /Users/seth/Work/_gems/slug/vendor/ruby/1.9.1/specifications/faraday-0.9.1.gemspec
I, [2015-09-04T16:09:12.144859 #57505]  INFO -- : 0:  git (1.2.9.1) from /Users/seth/Work/_gems/slug/vendor/ruby/1.9.1/specifications/git-1.2.9.1.gemspec
I, [2015-09-04T16:09:12.145426 #57505]  INFO -- : 0:  hashie (3.4.2) from /Users/seth/Work/_gems/slug/vendor/ruby/1.9.1/specifications/hashie-3.4.2.gemspec
I, [2015-09-04T16:09:12.145964 #57505]  INFO -- : 0:  multi_json (1.11.2) from /Users/seth/Work/_gems/slug/vendor/ruby/1.9.1/specifications/multi_json-1.11.2.gemspec
I, [2015-09-04T16:09:12.146336 #57505]  INFO -- : 0:  mini_portile (0.6.2) from /Users/seth/Work/_gems/slug/vendor/ruby/1.9.1/specifications/mini_portile-0.6.2.gemspec
I, [2015-09-04T16:09:12.146686 #57505]  INFO -- : 0:  nokogiri (1.6.6.2) from /Users/seth/Work/_gems/slug/vendor/ruby/1.9.1/specifications/nokogiri-1.6.6.2.gemspec
I, [2015-09-04T16:09:12.147051 #57505]  INFO -- : 0:  jwt (1.5.1) from /Users/seth/Work/_gems/slug/vendor/ruby/1.9.1/specifications/jwt-1.5.1.gemspec
I, [2015-09-04T16:09:12.147411 #57505]  INFO -- : 0:  multi_xml (0.5.5) from /Users/seth/Work/_gems/slug/vendor/ruby/1.9.1/specifications/multi_xml-0.5.5.gemspec
I, [2015-09-04T16:09:12.147799 #57505]  INFO -- : 0:  rack (1.6.4) from /Users/seth/Work/_gems/slug/vendor/ruby/1.9.1/specifications/rack-1.6.4.gemspec
I, [2015-09-04T16:09:12.148185 #57505]  INFO -- : 0:  oauth2 (1.0.0) from /Users/seth/Work/_gems/slug/vendor/ruby/1.9.1/specifications/oauth2-1.0.0.gemspec
I, [2015-09-04T16:09:12.148538 #57505]  INFO -- : 0:  github_api (0.12.4) from /Users/seth/Work/_gems/slug/vendor/ruby/1.9.1/specifications/github_api-0.12.4.gemspec
I, [2015-09-04T16:09:12.148890 #57505]  INFO -- : 0:  highline (1.7.3) from /Users/seth/Work/_gems/slug/vendor/ruby/1.9.1/specifications/highline-1.7.3.gemspec
I, [2015-09-04T16:09:12.149303 #57505]  INFO -- : 0:  rdoc (4.2.0) from /Users/seth/Work/_gems/slug/vendor/ruby/1.9.1/specifications/rdoc-4.2.0.gemspec
I, [2015-09-04T16:09:12.149684 #57505]  INFO -- : 0:  jeweler (2.0.1) from /Users/seth/Work/_gems/slug/vendor/ruby/1.9.1/specifications/jeweler-2.0.1.gemspec
I, [2015-09-04T16:09:12.494653 #57505]  INFO -- : 0:  metaclass (0.0.4) from /Users/seth/Work/_gems/slug/vendor/ruby/1.9.1/specifications/metaclass-0.0.4.gemspec
I, [2015-09-04T16:09:13.129004 #57505]  INFO -- : 0:  mocha (1.1.0) from /Users/seth/Work/_gems/slug/vendor/ruby/1.9.1/specifications/mocha-1.1.0.gemspec
I, [2015-09-04T16:09:13.131101 #57505]  INFO -- : 0:  slug (5.0.0) from /Users/seth/Work/_gems/slug/slug.gemspec
I, [2015-09-04T16:09:13.131550 #57505]  INFO -- : 0:  spicycode-rcov (0.8.2.1) from /Users/seth/Work/_gems/slug/vendor/ruby/1.9.1/specifications/spicycode-rcov-0.8.2.1.gemspec
I, [2015-09-04T16:09:37.604519 #57547]  INFO -- : 0:  rake (10.4.2) from /Users/seth/Work/_gems/slug/vendor/ruby/1.9.1/specifications/rake-10.4.2.gemspec
I, [2015-09-04T16:09:37.605725 #57547]  INFO -- : 0:  i18n (0.7.0) from /Users/seth/Work/_gems/slug/vendor/ruby/1.9.1/specifications/i18n-0.7.0.gemspec
I, [2015-09-04T16:09:37.606388 #57547]  INFO -- : 0:  json (1.8.3) from /Users/seth/Work/_gems/slug/vendor/ruby/1.9.1/specifications/json-1.8.3.gemspec
I, [2015-09-04T16:09:37.607003 #57547]  INFO -- : 0:  minitest (5.8.0) from /Users/seth/Work/_gems/slug/vendor/ruby/1.9.1/specifications/minitest-5.8.0.gemspec
I, [2015-09-04T16:09:37.607611 #57547]  INFO -- : 0:  thread_safe (0.3.5) from /Users/seth/Work/_gems/slug/vendor/ruby/1.9.1/specifications/thread_safe-0.3.5.gemspec
I, [2015-09-04T16:09:37.608218 #57547]  INFO -- : 0:  tzinfo (1.2.2) from /Users/seth/Work/_gems/slug/vendor/ruby/1.9.1/specifications/tzinfo-1.2.2.gemspec
I, [2015-09-04T16:09:37.608825 #57547]  INFO -- : 0:  activesupport (4.2.4) from /Users/seth/Work/_gems/slug/vendor/ruby/1.9.1/specifications/activesupport-4.2.4.gemspec
I, [2015-09-04T16:09:37.609434 #57547]  INFO -- : 0:  builder (3.2.2) from /Users/seth/Work/_gems/slug/vendor/ruby/1.9.1/specifications/builder-3.2.2.gemspec
I, [2015-09-04T16:09:37.610027 #57547]  INFO -- : 0:  activemodel (4.2.4) from /Users/seth/Work/_gems/slug/vendor/ruby/1.9.1/specifications/activemodel-4.2.4.gemspec
I, [2015-09-04T16:09:37.610613 #57547]  INFO -- : 0:  arel (6.0.3) from /Users/seth/Work/_gems/slug/vendor/ruby/1.9.1/specifications/arel-6.0.3.gemspec
I, [2015-09-04T16:09:37.611207 #57547]  INFO -- : 0:  activerecord (4.2.4) from /Users/seth/Work/_gems/slug/vendor/ruby/1.9.1/specifications/activerecord-4.2.4.gemspec
I, [2015-09-04T16:09:37.611790 #57547]  INFO -- : 0:  addressable (2.3.8) from /Users/seth/Work/_gems/slug/vendor/ruby/1.9.1/specifications/addressable-2.3.8.gemspec
I, [2015-09-04T16:09:37.612323 #57547]  INFO -- : 0:  bundler (1.5.0) from /Users/seth/.rbenv/versions/1.9.3-p392/lib/ruby/gems/1.9.1/gems/bundler-1.5.0/lib/bundler/source
I, [2015-09-04T16:09:37.612804 #57547]  INFO -- : 0:  descendants_tracker (0.0.4) from /Users/seth/Work/_gems/slug/vendor/ruby/1.9.1/specifications/descendants_tracker-0.0.4.gemspec
I, [2015-09-04T16:09:37.613243 #57547]  INFO -- : 0:  multipart-post (2.0.0) from /Users/seth/Work/_gems/slug/vendor/ruby/1.9.1/specifications/multipart-post-2.0.0.gemspec
I, [2015-09-04T16:09:37.613679 #57547]  INFO -- : 0:  faraday (0.9.1) from /Users/seth/Work/_gems/slug/vendor/ruby/1.9.1/specifications/faraday-0.9.1.gemspec
I, [2015-09-04T16:09:37.614106 #57547]  INFO -- : 0:  git (1.2.9.1) from /Users/seth/Work/_gems/slug/vendor/ruby/1.9.1/specifications/git-1.2.9.1.gemspec
I, [2015-09-04T16:09:37.614523 #57547]  INFO -- : 0:  hashie (3.4.2) from /Users/seth/Work/_gems/slug/vendor/ruby/1.9.1/specifications/hashie-3.4.2.gemspec
I, [2015-09-04T16:09:37.614915 #57547]  INFO -- : 0:  multi_json (1.11.2) from /Users/seth/Work/_gems/slug/vendor/ruby/1.9.1/specifications/multi_json-1.11.2.gemspec
I, [2015-09-04T16:09:37.615328 #57547]  INFO -- : 0:  mini_portile (0.6.2) from /Users/seth/Work/_gems/slug/vendor/ruby/1.9.1/specifications/mini_portile-0.6.2.gemspec
I, [2015-09-04T16:09:37.615736 #57547]  INFO -- : 0:  nokogiri (1.6.6.2) from /Users/seth/Work/_gems/slug/vendor/ruby/1.9.1/specifications/nokogiri-1.6.6.2.gemspec
I, [2015-09-04T16:09:37.616196 #57547]  INFO -- : 0:  jwt (1.5.1) from /Users/seth/Work/_gems/slug/vendor/ruby/1.9.1/specifications/jwt-1.5.1.gemspec
I, [2015-09-04T16:09:37.616636 #57547]  INFO -- : 0:  multi_xml (0.5.5) from /Users/seth/Work/_gems/slug/vendor/ruby/1.9.1/specifications/multi_xml-0.5.5.gemspec
I, [2015-09-04T16:09:37.617108 #57547]  INFO -- : 0:  rack (1.6.4) from /Users/seth/Work/_gems/slug/vendor/ruby/1.9.1/specifications/rack-1.6.4.gemspec
I, [2015-09-04T16:09:37.617519 #57547]  INFO -- : 0:  oauth2 (1.0.0) from /Users/seth/Work/_gems/slug/vendor/ruby/1.9.1/specifications/oauth2-1.0.0.gemspec
I, [2015-09-04T16:09:37.617935 #57547]  INFO -- : 0:  github_api (0.12.4) from /Users/seth/Work/_gems/slug/vendor/ruby/1.9.1/specifications/github_api-0.12.4.gemspec
I, [2015-09-04T16:09:37.618338 #57547]  INFO -- : 0:  highline (1.7.3) from /Users/seth/Work/_gems/slug/vendor/ruby/1.9.1/specifications/highline-1.7.3.gemspec
I, [2015-09-04T16:09:37.618843 #57547]  INFO -- : 0:  rdoc (4.2.0) from /Users/seth/Work/_gems/slug/vendor/ruby/1.9.1/specifications/rdoc-4.2.0.gemspec
I, [2015-09-04T16:09:37.619206 #57547]  INFO -- : 0:  jeweler (2.0.1) from /Users/seth/Work/_gems/slug/vendor/ruby/1.9.1/specifications/jeweler-2.0.1.gemspec
I, [2015-09-04T16:09:37.619560 #57547]  INFO -- : 0:  metaclass (0.0.4) from /Users/seth/Work/_gems/slug/vendor/ruby/1.9.1/specifications/metaclass-0.0.4.gemspec
I, [2015-09-04T16:09:37.619904 #57547]  INFO -- : 0:  mocha (1.1.0) from /Users/seth/Work/_gems/slug/vendor/ruby/1.9.1/specifications/mocha-1.1.0.gemspec
I, [2015-09-04T16:09:37.621710 #57547]  INFO -- : 0:  slug (5.0.0) from /Users/seth/Work/_gems/slug/slug.gemspec
I, [2015-09-04T16:09:37.622142 #57547]  INFO -- : 0:  spicycode-rcov (0.8.2.1) from /Users/seth/Work/_gems/slug/vendor/ruby/1.9.1/specifications/spicycode-rcov-0.8.2.1.gemspec
I, [2015-09-04T16:09:40.787664 #57547]  INFO -- : 0:  sqlite3 (1.3.10) from /Users/seth/Work/_gems/slug/vendor/ruby/1.9.1/specifications/sqlite3-1.3.10.gemspec
I, [2015-09-04T16:13:56.429640 #58107]  INFO -- : 0:  rake (10.4.2) from /Users/seth/Work/_gems/slug/vendor/ruby/1.9.1/specifications/rake-10.4.2.gemspec
I, [2015-09-04T16:13:56.876977 #58107]  INFO -- : 0:  i18n (0.7.0) from /Users/seth/Work/_gems/slug/vendor/ruby/1.9.1/specifications/i18n-0.7.0.gemspec
I, [2015-09-04T16:13:56.877762 #58107]  INFO -- : 0:  json (1.8.3) from /Users/seth/Work/_gems/slug/vendor/ruby/1.9.1/specifications/json-1.8.3.gemspec
I, [2015-09-04T16:13:56.878376 #58107]  INFO -- : 0:  minitest (5.8.0) from /Users/seth/Work/_gems/slug/vendor/ruby/1.9.1/specifications/minitest-5.8.0.gemspec
I, [2015-09-04T16:13:56.878976 #58107]  INFO -- : 0:  thread_safe (0.3.5) from /Users/seth/Work/_gems/slug/vendor/ruby/1.9.1/specifications/thread_safe-0.3.5.gemspec
I, [2015-09-04T16:13:57.374016 #58107]  INFO -- : 0:  tzinfo (1.2.2) from /Users/seth/Work/_gems/slug/vendor/ruby/1.9.1/specifications/tzinfo-1.2.2.gemspec
I, [2015-09-04T16:13:58.105383 #58107]  INFO -- : 0:  activesupport (4.2.4) from /Users/seth/Work/_gems/slug/vendor/ruby/1.9.1/specifications/activesupport-4.2.4.gemspec
I, [2015-09-04T16:13:58.105960 #58107]  INFO -- : 0:  builder (3.2.2) from /Users/seth/Work/_gems/slug/vendor/ruby/1.9.1/specifications/builder-3.2.2.gemspec
I, [2015-09-04T16:13:58.518672 #58107]  INFO -- : 0:  activemodel (4.2.4) from /Users/seth/Work/_gems/slug/vendor/ruby/1.9.1/specifications/activemodel-4.2.4.gemspec
I, [2015-09-04T16:13:58.899784 #58107]  INFO -- : 0:  arel (6.0.3) from /Users/seth/Work/_gems/slug/vendor/ruby/1.9.1/specifications/arel-6.0.3.gemspec
I, [2015-09-04T16:13:59.571208 #58107]  INFO -- : 0:  activerecord (4.2.4) from /Users/seth/Work/_gems/slug/vendor/ruby/1.9.1/specifications/activerecord-4.2.4.gemspec
I, [2015-09-04T16:13:59.571968 #58107]  INFO -- : 0:  addressable (2.3.8) from /Users/seth/Work/_gems/slug/vendor/ruby/1.9.1/specifications/addressable-2.3.8.gemspec
I, [2015-09-04T16:13:59.572513 #58107]  INFO -- : 0:  bundler (1.5.0) from /Users/seth/.rbenv/versions/1.9.3-p392/lib/ruby/gems/1.9.1/gems/bundler-1.5.0/lib/bundler/source
I, [2015-09-04T16:13:59.573059 #58107]  INFO -- : 0:  descendants_tracker (0.0.4) from /Users/seth/Work/_gems/slug/vendor/ruby/1.9.1/specifications/descendants_tracker-0.0.4.gemspec
I, [2015-09-04T16:13:59.573606 #58107]  INFO -- : 0:  multipart-post (2.0.0) from /Users/seth/Work/_gems/slug/vendor/ruby/1.9.1/specifications/multipart-post-2.0.0.gemspec
I, [2015-09-04T16:13:59.574153 #58107]  INFO -- : 0:  faraday (0.9.1) from /Users/seth/Work/_gems/slug/vendor/ruby/1.9.1/specifications/faraday-0.9.1.gemspec
I, [2015-09-04T16:13:59.574691 #58107]  INFO -- : 0:  git (1.2.9.1) from /Users/seth/Work/_gems/slug/vendor/ruby/1.9.1/specifications/git-1.2.9.1.gemspec
I, [2015-09-04T16:13:59.575223 #58107]  INFO -- : 0:  hashie (3.4.2) from /Users/seth/Work/_gems/slug/vendor/ruby/1.9.1/specifications/hashie-3.4.2.gemspec
I, [2015-09-04T16:13:59.575744 #58107]  INFO -- : 0:  multi_json (1.11.2) from /Users/seth/Work/_gems/slug/vendor/ruby/1.9.1/specifications/multi_json-1.11.2.gemspec
I, [2015-09-04T16:13:59.576263 #58107]  INFO -- : 0:  mini_portile (0.6.2) from /Users/seth/Work/_gems/slug/vendor/ruby/1.9.1/specifications/mini_portile-0.6.2.gemspec
I, [2015-09-04T16:13:59.576765 #58107]  INFO -- : 0:  nokogiri (1.6.6.2) from /Users/seth/Work/_gems/slug/vendor/ruby/1.9.1/specifications/nokogiri-1.6.6.2.gemspec
I, [2015-09-04T16:13:59.577344 #58107]  INFO -- : 0:  jwt (1.5.1) from /Users/seth/Work/_gems/slug/vendor/ruby/1.9.1/specifications/jwt-1.5.1.gemspec
I, [2015-09-04T16:13:59.577936 #58107]  INFO -- : 0:  multi_xml (0.5.5) from /Users/seth/Work/_gems/slug/vendor/ruby/1.9.1/specifications/multi_xml-0.5.5.gemspec
I, [2015-09-04T16:13:59.578440 #58107]  INFO -- : 0:  rack (1.6.4) from /Users/seth/Work/_gems/slug/vendor/ruby/1.9.1/specifications/rack-1.6.4.gemspec
I, [2015-09-04T16:13:59.578955 #58107]  INFO -- : 0:  oauth2 (1.0.0) from /Users/seth/Work/_gems/slug/vendor/ruby/1.9.1/specifications/oauth2-1.0.0.gemspec
I, [2015-09-04T16:13:59.579458 #58107]  INFO -- : 0:  github_api (0.12.4) from /Users/seth/Work/_gems/slug/vendor/ruby/1.9.1/specifications/github_api-0.12.4.gemspec
I, [2015-09-04T16:13:59.579964 #58107]  INFO -- : 0:  highline (1.7.3) from /Users/seth/Work/_gems/slug/vendor/ruby/1.9.1/specifications/highline-1.7.3.gemspec
I, [2015-09-04T16:13:59.580474 #58107]  INFO -- : 0:  rdoc (4.2.0) from /Users/seth/Work/_gems/slug/vendor/ruby/1.9.1/specifications/rdoc-4.2.0.gemspec
I, [2015-09-04T16:13:59.580989 #58107]  INFO -- : 0:  jeweler (2.0.1) from /Users/seth/Work/_gems/slug/vendor/ruby/1.9.1/specifications/jeweler-2.0.1.gemspec
I, [2015-09-04T16:13:59.581486 #58107]  INFO -- : 0:  metaclass (0.0.4) from /Users/seth/Work/_gems/slug/vendor/ruby/1.9.1/specifications/metaclass-0.0.4.gemspec
I, [2015-09-04T16:13:59.581987 #58107]  INFO -- : 0:  mocha (1.1.0) from /Users/seth/Work/_gems/slug/vendor/ruby/1.9.1/specifications/mocha-1.1.0.gemspec
I, [2015-09-04T16:13:59.582495 #58107]  INFO -- : 0:  spicycode-rcov (0.8.2.1) from /Users/seth/Work/_gems/slug/vendor/ruby/1.9.1/specifications/spicycode-rcov-0.8.2.1.gemspec
I, [2015-09-04T16:13:59.583001 #58107]  INFO -- : 0:  sqlite3 (1.3.10) from /Users/seth/Work/_gems/slug/vendor/ruby/1.9.1/specifications/sqlite3-1.3.10.gemspec
I, [2015-09-04T16:16:23.084984 #58150]  INFO -- : 0:  rake (10.4.2) from /Users/seth/Work/_gems/slug/vendor/ruby/1.9.1/specifications/rake-10.4.2.gemspec
I, [2015-09-04T16:16:23.086301 #58150]  INFO -- : 0:  i18n (0.7.0) from /Users/seth/Work/_gems/slug/vendor/ruby/1.9.1/specifications/i18n-0.7.0.gemspec
I, [2015-09-04T16:16:23.086887 #58150]  INFO -- : 0:  json (1.8.3) from /Users/seth/Work/_gems/slug/vendor/ruby/1.9.1/specifications/json-1.8.3.gemspec
I, [2015-09-04T16:16:23.087459 #58150]  INFO -- : 0:  minitest (5.8.0) from /Users/seth/Work/_gems/slug/vendor/ruby/1.9.1/specifications/minitest-5.8.0.gemspec
I, [2015-09-04T16:16:23.088092 #58150]  INFO -- : 0:  thread_safe (0.3.5) from /Users/seth/Work/_gems/slug/vendor/ruby/1.9.1/specifications/thread_safe-0.3.5.gemspec
I, [2015-09-04T16:16:23.088716 #58150]  INFO -- : 0:  tzinfo (1.2.2) from /Users/seth/Work/_gems/slug/vendor/ruby/1.9.1/specifications/tzinfo-1.2.2.gemspec
I, [2015-09-04T16:16:23.089285 #58150]  INFO -- : 0:  activesupport (4.2.4) from /Users/seth/Work/_gems/slug/vendor/ruby/1.9.1/specifications/activesupport-4.2.4.gemspec
I, [2015-09-04T16:16:23.089886 #58150]  INFO -- : 0:  builder (3.2.2) from /Users/seth/Work/_gems/slug/vendor/ruby/1.9.1/specifications/builder-3.2.2.gemspec
I, [2015-09-04T16:16:24.208021 #58150]  INFO -- : 0:  erubis (2.7.0) from /Users/seth/Work/_gems/slug/vendor/ruby/1.9.1/specifications/erubis-2.7.0.gemspec
I, [2015-09-04T16:16:24.208578 #58150]  INFO -- : 0:  mini_portile (0.6.2) from /Users/seth/Work/_gems/slug/vendor/ruby/1.9.1/specifications/mini_portile-0.6.2.gemspec
I, [2015-09-04T16:16:24.209032 #58150]  INFO -- : 0:  nokogiri (1.6.6.2) from /Users/seth/Work/_gems/slug/vendor/ruby/1.9.1/specifications/nokogiri-1.6.6.2.gemspec
I, [2015-09-04T16:16:24.544143 #58150]  INFO -- : 0:  rails-deprecated_sanitizer (1.0.3) from /Users/seth/Work/_gems/slug/vendor/ruby/1.9.1/specifications/rails-deprecated_sanitizer-1.0.3.gemspec
I, [2015-09-04T16:16:24.859959 #58150]  INFO -- : 0:  rails-dom-testing (1.0.7) from /Users/seth/Work/_gems/slug/vendor/ruby/1.9.1/specifications/rails-dom-testing-1.0.7.gemspec
I, [2015-09-04T16:16:25.282302 #58150]  INFO -- : 0:  loofah (2.0.3) from /Users/seth/Work/_gems/slug/vendor/ruby/1.9.1/specifications/loofah-2.0.3.gemspec
I, [2015-09-04T16:16:25.599253 #58150]  INFO -- : 0:  rails-html-sanitizer (1.0.2) from /Users/seth/Work/_gems/slug/vendor/ruby/1.9.1/specifications/rails-html-sanitizer-1.0.2.gemspec
I, [2015-09-04T16:16:26.135168 #58150]  INFO -- : 0:  actionview (4.2.4) from /Users/seth/Work/_gems/slug/vendor/ruby/1.9.1/specifications/actionview-4.2.4.gemspec
I, [2015-09-04T16:16:26.136138 #58150]  INFO -- : 0:  rack (1.6.4) from /Users/seth/Work/_gems/slug/vendor/ruby/1.9.1/specifications/rack-1.6.4.gemspec
I, [2015-09-04T16:16:26.482129 #58150]  INFO -- : 0:  rack-test (0.6.3) from /Users/seth/Work/_gems/slug/vendor/ruby/1.9.1/specifications/rack-test-0.6.3.gemspec
I, [2015-09-04T16:16:27.010001 #58150]  INFO -- : 0:  actionpack (4.2.4) from /Users/seth/Work/_gems/slug/vendor/ruby/1.9.1/specifications/actionpack-4.2.4.gemspec
I, [2015-09-04T16:16:27.301992 #58150]  INFO -- : 0:  globalid (0.3.6) from /Users/seth/Work/_gems/slug/vendor/ruby/1.9.1/specifications/globalid-0.3.6.gemspec
I, [2015-09-04T16:16:27.631165 #58150]  INFO -- : 0:  activejob (4.2.4) from /Users/seth/Work/_gems/slug/vendor/ruby/1.9.1/specifications/activejob-4.2.4.gemspec
I, [2015-09-04T16:16:28.124184 #58150]  INFO -- : 0:  mime-types (2.6.1) from /Users/seth/Work/_gems/slug/vendor/ruby/1.9.1/specifications/mime-types-2.6.1.gemspec
I, [2015-09-04T16:16:28.749430 #58150]  INFO -- : 0:  mail (2.6.3) from /Users/seth/Work/_gems/slug/vendor/ruby/1.9.1/specifications/mail-2.6.3.gemspec
I, [2015-09-04T16:16:29.091059 #58150]  INFO -- : 0:  actionmailer (4.2.4) from /Users/seth/Work/_gems/slug/vendor/ruby/1.9.1/specifications/actionmailer-4.2.4.gemspec
I, [2015-09-04T16:16:29.091558 #58150]  INFO -- : 0:  activemodel (4.2.4) from /Users/seth/Work/_gems/slug/vendor/ruby/1.9.1/specifications/activemodel-4.2.4.gemspec
I, [2015-09-04T16:16:29.092020 #58150]  INFO -- : 0:  arel (6.0.3) from /Users/seth/Work/_gems/slug/vendor/ruby/1.9.1/specifications/arel-6.0.3.gemspec
I, [2015-09-04T16:16:29.092464 #58150]  INFO -- : 0:  activerecord (4.2.4) from /Users/seth/Work/_gems/slug/vendor/ruby/1.9.1/specifications/activerecord-4.2.4.gemspec
I, [2015-09-04T16:16:29.092896 #58150]  INFO -- : 0:  addressable (2.3.8) from /Users/seth/Work/_gems/slug/vendor/ruby/1.9.1/specifications/addressable-2.3.8.gemspec
I, [2015-09-04T16:16:29.458378 #58150]  INFO -- : 0:  ansi (1.5.0) from /Users/seth/Work/_gems/slug/vendor/ruby/1.9.1/specifications/ansi-1.5.0.gemspec
I, [2015-09-04T16:16:29.459141 #58150]  INFO -- : 0:  bundler (1.5.0) from /Users/seth/.rbenv/versions/1.9.3-p392/lib/ruby/gems/1.9.1/gems/bundler-1.5.0/lib/bundler/source
I, [2015-09-04T16:16:29.459679 #58150]  INFO -- : 0:  descendants_tracker (0.0.4) from /Users/seth/Work/_gems/slug/vendor/ruby/1.9.1/specifications/descendants_tracker-0.0.4.gemspec
I, [2015-09-04T16:16:29.460141 #58150]  INFO -- : 0:  multipart-post (2.0.0) from /Users/seth/Work/_gems/slug/vendor/ruby/1.9.1/specifications/multipart-post-2.0.0.gemspec
I, [2015-09-04T16:16:29.460559 #58150]  INFO -- : 0:  faraday (0.9.1) from /Users/seth/Work/_gems/slug/vendor/ruby/1.9.1/specifications/faraday-0.9.1.gemspec
I, [2015-09-04T16:16:29.461164 #58150]  INFO -- : 0:  git (1.2.9.1) from /Users/seth/Work/_gems/slug/vendor/ruby/1.9.1/specifications/git-1.2.9.1.gemspec
I, [2015-09-04T16:16:29.461638 #58150]  INFO -- : 0:  hashie (3.4.2) from /Users/seth/Work/_gems/slug/vendor/ruby/1.9.1/specifications/hashie-3.4.2.gemspec
I, [2015-09-04T16:16:29.462147 #58150]  INFO -- : 0:  multi_json (1.11.2) from /Users/seth/Work/_gems/slug/vendor/ruby/1.9.1/specifications/multi_json-1.11.2.gemspec
I, [2015-09-04T16:16:29.462757 #58150]  INFO -- : 0:  jwt (1.5.1) from /Users/seth/Work/_gems/slug/vendor/ruby/1.9.1/specifications/jwt-1.5.1.gemspec
I, [2015-09-04T16:16:29.463257 #58150]  INFO -- : 0:  multi_xml (0.5.5) from /Users/seth/Work/_gems/slug/vendor/ruby/1.9.1/specifications/multi_xml-0.5.5.gemspec
I, [2015-09-04T16:16:29.463737 #58150]  INFO -- : 0:  oauth2 (1.0.0) from /Users/seth/Work/_gems/slug/vendor/ruby/1.9.1/specifications/oauth2-1.0.0.gemspec
I, [2015-09-04T16:16:29.464212 #58150]  INFO -- : 0:  github_api (0.12.4) from /Users/seth/Work/_gems/slug/vendor/ruby/1.9.1/specifications/github_api-0.12.4.gemspec
I, [2015-09-04T16:16:29.464682 #58150]  INFO -- : 0:  highline (1.7.3) from /Users/seth/Work/_gems/slug/vendor/ruby/1.9.1/specifications/highline-1.7.3.gemspec
I, [2015-09-04T16:16:29.465115 #58150]  INFO -- : 0:  rdoc (4.2.0) from /Users/seth/Work/_gems/slug/vendor/ruby/1.9.1/specifications/rdoc-4.2.0.gemspec
I, [2015-09-04T16:16:29.465604 #58150]  INFO -- : 0:  jeweler (2.0.1) from /Users/seth/Work/_gems/slug/vendor/ruby/1.9.1/specifications/jeweler-2.0.1.gemspec
I, [2015-09-04T16:16:29.465988 #58150]  INFO -- : 0:  metaclass (0.0.4) from /Users/seth/Work/_gems/slug/vendor/ruby/1.9.1/specifications/metaclass-0.0.4.gemspec
I, [2015-09-04T16:16:29.864692 #58150]  INFO -- : 0:  minitest-focus (1.1.2) from /Users/seth/Work/_gems/slug/vendor/ruby/1.9.1/specifications/minitest-focus-1.1.2.gemspec
I, [2015-09-04T16:16:30.210149 #58150]  INFO -- : 0:  ruby-progressbar (1.7.5) from /Users/seth/Work/_gems/slug/vendor/ruby/1.9.1/specifications/ruby-progressbar-1.7.5.gemspec
I, [2015-09-04T16:16:30.669998 #58150]  INFO -- : 0:  minitest-reporters (1.0.20) from /Users/seth/Work/_gems/slug/vendor/ruby/1.9.1/specifications/minitest-reporters-1.0.20.gemspec
I, [2015-09-04T16:16:31.129433 #58150]  INFO -- : 0:  thor (0.19.1) from /Users/seth/Work/_gems/slug/vendor/ruby/1.9.1/specifications/thor-0.19.1.gemspec
I, [2015-09-04T16:16:31.717357 #58150]  INFO -- : 0:  railties (4.2.4) from /Users/seth/Work/_gems/slug/vendor/ruby/1.9.1/specifications/railties-4.2.4.gemspec
I, [2015-09-04T16:16:32.136847 #58150]  INFO -- : 0:  sprockets (3.3.4) from /Users/seth/Work/_gems/slug/vendor/ruby/1.9.1/specifications/sprockets-3.3.4.gemspec
I, [2015-09-04T16:16:32.435053 #58150]  INFO -- : 0:  sprockets-rails (2.3.2) from /Users/seth/Work/_gems/slug/vendor/ruby/1.9.1/specifications/sprockets-rails-2.3.2.gemspec
I, [2015-09-04T16:16:33.562484 #58150]  INFO -- : 0:  rails (4.2.4) from /Users/seth/Work/_gems/slug/vendor/ruby/1.9.1/specifications/rails-4.2.4.gemspec
I, [2015-09-04T16:16:33.993616 #58150]  INFO -- : 0:  minitest-spec-rails (5.2.2) from /Users/seth/Work/_gems/slug/vendor/ruby/1.9.1/specifications/minitest-spec-rails-5.2.2.gemspec
I, [2015-09-04T16:16:33.994105 #58150]  INFO -- : 0:  mocha (1.1.0) from /Users/seth/Work/_gems/slug/vendor/ruby/1.9.1/specifications/mocha-1.1.0.gemspec
I, [2015-09-04T16:16:33.994507 #58150]  INFO -- : 0:  spicycode-rcov (0.8.2.1) from /Users/seth/Work/_gems/slug/vendor/ruby/1.9.1/specifications/spicycode-rcov-0.8.2.1.gemspec
I, [2015-09-04T16:16:33.994858 #58150]  INFO -- : 0:  sqlite3 (1.3.10) from /Users/seth/Work/_gems/slug/vendor/ruby/1.9.1/specifications/sqlite3-1.3.10.gemspec
I, [2015-09-04T16:23:46.448505 #58285]  INFO -- : 0:  rake (10.4.2) from /Users/seth/Work/_gems/slug/vendor/ruby/1.9.1/specifications/rake-10.4.2.gemspec
I, [2015-09-04T16:23:47.453472 #58285]  INFO -- : 0:  activesupport (2.3.2) from /Users/seth/Work/_gems/slug/vendor/ruby/1.9.1/specifications/activesupport-2.3.2.gemspec
I, [2015-09-04T16:23:48.695444 #58285]  INFO -- : 0:  actionpack (2.3.2) from /Users/seth/Work/_gems/slug/vendor/ruby/1.9.1/specifications/actionpack-2.3.2.gemspec
I, [2015-09-04T16:23:49.134027 #58285]  INFO -- : 0:  actionmailer (2.3.2) from /Users/seth/Work/_gems/slug/vendor/ruby/1.9.1/specifications/actionmailer-2.3.2.gemspec
I, [2015-09-04T16:23:50.088746 #58285]  INFO -- : 0:  activerecord (2.3.2) from /Users/seth/Work/_gems/slug/vendor/ruby/1.9.1/specifications/activerecord-2.3.2.gemspec
I, [2015-09-04T16:23:50.489551 #58285]  INFO -- : 0:  activeresource (2.3.2) from /Users/seth/Work/_gems/slug/vendor/ruby/1.9.1/specifications/activeresource-2.3.2.gemspec
I, [2015-09-04T16:23:50.490014 #58285]  INFO -- : 0:  addressable (2.3.8) from /Users/seth/Work/_gems/slug/vendor/ruby/1.9.1/specifications/addressable-2.3.8.gemspec
I, [2015-09-04T16:23:50.490447 #58285]  INFO -- : 0:  ansi (1.5.0) from /Users/seth/Work/_gems/slug/vendor/ruby/1.9.1/specifications/ansi-1.5.0.gemspec
I, [2015-09-04T16:23:50.490794 #58285]  INFO -- : 0:  builder (3.2.2) from /Users/seth/Work/_gems/slug/vendor/ruby/1.9.1/specifications/builder-3.2.2.gemspec
I, [2015-09-04T16:23:50.491121 #58285]  INFO -- : 0:  bundler (1.5.0) from /Users/seth/.rbenv/versions/1.9.3-p392/lib/ruby/gems/1.9.1/gems/bundler-1.5.0/lib/bundler/source
I, [2015-09-04T16:23:50.491608 #58285]  INFO -- : 0:  thread_safe (0.3.5) from /Users/seth/Work/_gems/slug/vendor/ruby/1.9.1/specifications/thread_safe-0.3.5.gemspec
I, [2015-09-04T16:23:50.491955 #58285]  INFO -- : 0:  descendants_tracker (0.0.4) from /Users/seth/Work/_gems/slug/vendor/ruby/1.9.1/specifications/descendants_tracker-0.0.4.gemspec
I, [2015-09-04T16:23:50.492319 #58285]  INFO -- : 0:  multipart-post (2.0.0) from /Users/seth/Work/_gems/slug/vendor/ruby/1.9.1/specifications/multipart-post-2.0.0.gemspec
I, [2015-09-04T16:23:50.492648 #58285]  INFO -- : 0:  faraday (0.9.1) from /Users/seth/Work/_gems/slug/vendor/ruby/1.9.1/specifications/faraday-0.9.1.gemspec
I, [2015-09-04T16:23:50.492966 #58285]  INFO -- : 0:  git (1.2.9.1) from /Users/seth/Work/_gems/slug/vendor/ruby/1.9.1/specifications/git-1.2.9.1.gemspec
I, [2015-09-04T16:23:50.493285 #58285]  INFO -- : 0:  hashie (3.4.2) from /Users/seth/Work/_gems/slug/vendor/ruby/1.9.1/specifications/hashie-3.4.2.gemspec
I, [2015-09-04T16:23:50.493641 #58285]  INFO -- : 0:  multi_json (1.11.2) from /Users/seth/Work/_gems/slug/vendor/ruby/1.9.1/specifications/multi_json-1.11.2.gemspec
I, [2015-09-04T16:23:50.493994 #58285]  INFO -- : 0:  mini_portile (0.6.2) from /Users/seth/Work/_gems/slug/vendor/ruby/1.9.1/specifications/mini_portile-0.6.2.gemspec
I, [2015-09-04T16:23:50.494364 #58285]  INFO -- : 0:  nokogiri (1.6.6.2) from /Users/seth/Work/_gems/slug/vendor/ruby/1.9.1/specifications/nokogiri-1.6.6.2.gemspec
I, [2015-09-04T16:23:50.494746 #58285]  INFO -- : 0:  jwt (1.5.1) from /Users/seth/Work/_gems/slug/vendor/ruby/1.9.1/specifications/jwt-1.5.1.gemspec
I, [2015-09-04T16:23:50.495139 #58285]  INFO -- : 0:  multi_xml (0.5.5) from /Users/seth/Work/_gems/slug/vendor/ruby/1.9.1/specifications/multi_xml-0.5.5.gemspec
I, [2015-09-04T16:23:50.495546 #58285]  INFO -- : 0:  rack (1.6.4) from /Users/seth/Work/_gems/slug/vendor/ruby/1.9.1/specifications/rack-1.6.4.gemspec
I, [2015-09-04T16:23:50.496096 #58285]  INFO -- : 0:  oauth2 (1.0.0) from /Users/seth/Work/_gems/slug/vendor/ruby/1.9.1/specifications/oauth2-1.0.0.gemspec
I, [2015-09-04T16:23:50.496487 #58285]  INFO -- : 0:  github_api (0.12.4) from /Users/seth/Work/_gems/slug/vendor/ruby/1.9.1/specifications/github_api-0.12.4.gemspec
I, [2015-09-04T16:23:50.496802 #58285]  INFO -- : 0:  highline (1.7.3) from /Users/seth/Work/_gems/slug/vendor/ruby/1.9.1/specifications/highline-1.7.3.gemspec
I, [2015-09-04T16:23:50.497119 #58285]  INFO -- : 0:  json (1.8.3) from /Users/seth/Work/_gems/slug/vendor/ruby/1.9.1/specifications/json-1.8.3.gemspec
I, [2015-09-04T16:23:50.497446 #58285]  INFO -- : 0:  rdoc (4.2.0) from /Users/seth/Work/_gems/slug/vendor/ruby/1.9.1/specifications/rdoc-4.2.0.gemspec
I, [2015-09-04T16:23:50.497813 #58285]  INFO -- : 0:  jeweler (2.0.1) from /Users/seth/Work/_gems/slug/vendor/ruby/1.9.1/specifications/jeweler-2.0.1.gemspec
I, [2015-09-04T16:23:50.498180 #58285]  INFO -- : 0:  metaclass (0.0.4) from /Users/seth/Work/_gems/slug/vendor/ruby/1.9.1/specifications/metaclass-0.0.4.gemspec
I, [2015-09-04T16:23:50.815438 #58285]  INFO -- : 0:  minitest (4.7.5) from /Users/seth/Work/_gems/slug/vendor/ruby/1.9.1/specifications/minitest-4.7.5.gemspec
I, [2015-09-04T16:23:50.816003 #58285]  INFO -- : 0:  minitest-focus (1.1.2) from /Users/seth/Work/_gems/slug/vendor/ruby/1.9.1/specifications/minitest-focus-1.1.2.gemspec
I, [2015-09-04T16:23:51.151486 #58285]  INFO -- : 0:  powerbar (1.0.12) from /Users/seth/Work/_gems/slug/vendor/ruby/1.9.1/specifications/powerbar-1.0.12.gemspec
I, [2015-09-04T16:23:51.558081 #58285]  INFO -- : 0:  minitest-reporters (0.14.24) from /Users/seth/Work/_gems/slug/vendor/ruby/1.9.1/specifications/minitest-reporters-0.14.24.gemspec
I, [2015-09-04T16:23:52.221777 #58285]  INFO -- : 0:  rails (2.3.2) from /Users/seth/Work/_gems/slug/vendor/ruby/1.9.1/specifications/rails-2.3.2.gemspec
I, [2015-09-04T16:23:52.670544 #58285]  INFO -- : 0:  minitest-spec-rails (4.7.4) from /Users/seth/Work/_gems/slug/vendor/ruby/1.9.1/specifications/minitest-spec-rails-4.7.4.gemspec
I, [2015-09-04T16:23:52.670955 #58285]  INFO -- : 0:  mocha (1.1.0) from /Users/seth/Work/_gems/slug/vendor/ruby/1.9.1/specifications/mocha-1.1.0.gemspec
I, [2015-09-04T16:23:52.671284 #58285]  INFO -- : 0:  spicycode-rcov (0.8.2.1) from /Users/seth/Work/_gems/slug/vendor/ruby/1.9.1/specifications/spicycode-rcov-0.8.2.1.gemspec
I, [2015-09-04T16:23:52.671612 #58285]  INFO -- : 0:  sqlite3 (1.3.10) from /Users/seth/Work/_gems/slug/vendor/ruby/1.9.1/specifications/sqlite3-1.3.10.gemspec
I, [2015-09-04T16:25:26.510745 #58348]  INFO -- : 0:  rake (10.4.2) from /Users/seth/Work/_gems/slug/vendor/ruby/1.9.1/specifications/rake-10.4.2.gemspec
I, [2015-09-04T16:25:26.958668 #58348]  INFO -- : 0:  i18n (0.7.0) from /Users/seth/Work/_gems/slug/vendor/ruby/1.9.1/specifications/i18n-0.7.0.gemspec
I, [2015-09-04T16:25:26.959281 #58348]  INFO -- : 0:  minitest (4.7.5) from /Users/seth/Work/_gems/slug/vendor/ruby/1.9.1/specifications/minitest-4.7.5.gemspec
I, [2015-09-04T16:25:26.959794 #58348]  INFO -- : 0:  multi_json (1.11.2) from /Users/seth/Work/_gems/slug/vendor/ruby/1.9.1/specifications/multi_json-1.11.2.gemspec
I, [2015-09-04T16:25:26.960187 #58348]  INFO -- : 0:  thread_safe (0.3.5) from /Users/seth/Work/_gems/slug/vendor/ruby/1.9.1/specifications/thread_safe-0.3.5.gemspec
I, [2015-09-04T16:25:27.950944 #58348]  INFO -- : 0:  tzinfo (0.3.44) from /Users/seth/Work/_gems/slug/vendor/ruby/1.9.1/specifications/tzinfo-0.3.44.gemspec
I, [2015-09-04T16:25:28.648339 #58348]  INFO -- : 0:  activesupport (4.0.13) from /Users/seth/Work/_gems/slug/vendor/ruby/1.9.1/specifications/activesupport-4.0.13.gemspec
I, [2015-09-04T16:25:28.989311 #58348]  INFO -- : 0:  builder (3.1.4) from /Users/seth/Work/_gems/slug/vendor/ruby/1.9.1/specifications/builder-3.1.4.gemspec
I, [2015-09-04T16:25:29.672553 #58348]  INFO -- : 0:  erubis (2.7.0) from /Users/seth/Work/_gems/slug/vendor/ruby/1.9.1/specifications/erubis-2.7.0.gemspec
I, [2015-09-04T16:25:30.249652 #58348]  INFO -- : 0:  rack (1.5.5) from /Users/seth/Work/_gems/slug/vendor/ruby/1.9.1/specifications/rack-1.5.5.gemspec
I, [2015-09-04T16:25:30.570701 #58348]  INFO -- : 0:  rack-test (0.6.3) from /Users/seth/Work/_gems/slug/vendor/ruby/1.9.1/specifications/rack-test-0.6.3.gemspec
I, [2015-09-04T16:25:31.228624 #58348]  INFO -- : 0:  actionpack (4.0.13) from /Users/seth/Work/_gems/slug/vendor/ruby/1.9.1/specifications/actionpack-4.0.13.gemspec
I, [2015-09-04T16:25:31.664799 #58348]  INFO -- : 0:  mime-types (2.6.1) from /Users/seth/Work/_gems/slug/vendor/ruby/1.9.1/specifications/mime-types-2.6.1.gemspec
I, [2015-09-04T16:25:32.259595 #58348]  INFO -- : 0:  mail (2.6.3) from /Users/seth/Work/_gems/slug/vendor/ruby/1.9.1/specifications/mail-2.6.3.gemspec
I, [2015-09-04T16:25:32.584148 #58348]  INFO -- : 0:  actionmailer (4.0.13) from /Users/seth/Work/_gems/slug/vendor/ruby/1.9.1/specifications/actionmailer-4.0.13.gemspec
I, [2015-09-04T16:25:32.939444 #58348]  INFO -- : 0:  activemodel (4.0.13) from /Users/seth/Work/_gems/slug/vendor/ruby/1.9.1/specifications/activemodel-4.0.13.gemspec
I, [2015-09-04T16:25:33.226208 #58348]  INFO -- : 0:  activerecord-deprecated_finders (1.0.4) from /Users/seth/Work/_gems/slug/vendor/ruby/1.9.1/specifications/activerecord-deprecated_finders-1.0.4.gemspec
I, [2015-09-04T16:25:33.665028 #58348]  INFO -- : 0:  arel (4.0.2) from /Users/seth/Work/_gems/slug/vendor/ruby/1.9.1/specifications/arel-4.0.2.gemspec
I, [2015-09-04T16:25:34.259086 #58348]  INFO -- : 0:  activerecord (4.0.13) from /Users/seth/Work/_gems/slug/vendor/ruby/1.9.1/specifications/activerecord-4.0.13.gemspec
I, [2015-09-04T16:25:34.259582 #58348]  INFO -- : 0:  addressable (2.3.8) from /Users/seth/Work/_gems/slug/vendor/ruby/1.9.1/specifications/addressable-2.3.8.gemspec
I, [2015-09-04T16:25:34.259956 #58348]  INFO -- : 0:  ansi (1.5.0) from /Users/seth/Work/_gems/slug/vendor/ruby/1.9.1/specifications/ansi-1.5.0.gemspec
I, [2015-09-04T16:25:34.260305 #58348]  INFO -- : 0:  bundler (1.5.0) from /Users/seth/.rbenv/versions/1.9.3-p392/lib/ruby/gems/1.9.1/gems/bundler-1.5.0/lib/bundler/source
I, [2015-09-04T16:25:34.260660 #58348]  INFO -- : 0:  descendants_tracker (0.0.4) from /Users/seth/Work/_gems/slug/vendor/ruby/1.9.1/specifications/descendants_tracker-0.0.4.gemspec
I, [2015-09-04T16:25:34.261014 #58348]  INFO -- : 0:  multipart-post (2.0.0) from /Users/seth/Work/_gems/slug/vendor/ruby/1.9.1/specifications/multipart-post-2.0.0.gemspec
I, [2015-09-04T16:25:34.261382 #58348]  INFO -- : 0:  faraday (0.9.1) from /Users/seth/Work/_gems/slug/vendor/ruby/1.9.1/specifications/faraday-0.9.1.gemspec
I, [2015-09-04T16:25:34.261763 #58348]  INFO -- : 0:  git (1.2.9.1) from /Users/seth/Work/_gems/slug/vendor/ruby/1.9.1/specifications/git-1.2.9.1.gemspec
I, [2015-09-04T16:25:34.262147 #58348]  INFO -- : 0:  hashie (3.4.2) from /Users/seth/Work/_gems/slug/vendor/ruby/1.9.1/specifications/hashie-3.4.2.gemspec
I, [2015-09-04T16:25:34.262557 #58348]  INFO -- : 0:  mini_portile (0.6.2) from /Users/seth/Work/_gems/slug/vendor/ruby/1.9.1/specifications/mini_portile-0.6.2.gemspec
I, [2015-09-04T16:25:34.262966 #58348]  INFO -- : 0:  nokogiri (1.6.6.2) from /Users/seth/Work/_gems/slug/vendor/ruby/1.9.1/specifications/nokogiri-1.6.6.2.gemspec
I, [2015-09-04T16:25:34.263390 #58348]  INFO -- : 0:  jwt (1.5.1) from /Users/seth/Work/_gems/slug/vendor/ruby/1.9.1/specifications/jwt-1.5.1.gemspec
I, [2015-09-04T16:25:34.264030 #58348]  INFO -- : 0:  multi_xml (0.5.5) from /Users/seth/Work/_gems/slug/vendor/ruby/1.9.1/specifications/multi_xml-0.5.5.gemspec
I, [2015-09-04T16:25:34.264477 #58348]  INFO -- : 0:  oauth2 (1.0.0) from /Users/seth/Work/_gems/slug/vendor/ruby/1.9.1/specifications/oauth2-1.0.0.gemspec
I, [2015-09-04T16:25:34.264871 #58348]  INFO -- : 0:  github_api (0.12.4) from /Users/seth/Work/_gems/slug/vendor/ruby/1.9.1/specifications/github_api-0.12.4.gemspec
I, [2015-09-04T16:25:34.265264 #58348]  INFO -- : 0:  highline (1.7.3) from /Users/seth/Work/_gems/slug/vendor/ruby/1.9.1/specifications/highline-1.7.3.gemspec
I, [2015-09-04T16:25:34.265689 #58348]  INFO -- : 0:  json (1.8.3) from /Users/seth/Work/_gems/slug/vendor/ruby/1.9.1/specifications/json-1.8.3.gemspec
I, [2015-09-04T16:25:34.266104 #58348]  INFO -- : 0:  rdoc (4.2.0) from /Users/seth/Work/_gems/slug/vendor/ruby/1.9.1/specifications/rdoc-4.2.0.gemspec
I, [2015-09-04T16:25:34.266525 #58348]  INFO -- : 0:  jeweler (2.0.1) from /Users/seth/Work/_gems/slug/vendor/ruby/1.9.1/specifications/jeweler-2.0.1.gemspec
I, [2015-09-04T16:25:34.266915 #58348]  INFO -- : 0:  metaclass (0.0.4) from /Users/seth/Work/_gems/slug/vendor/ruby/1.9.1/specifications/metaclass-0.0.4.gemspec
I, [2015-09-04T16:25:34.267543 #58348]  INFO -- : 0:  minitest-focus (1.1.2) from /Users/seth/Work/_gems/slug/vendor/ruby/1.9.1/specifications/minitest-focus-1.1.2.gemspec
I, [2015-09-04T16:25:34.267965 #58348]  INFO -- : 0:  powerbar (1.0.12) from /Users/seth/Work/_gems/slug/vendor/ruby/1.9.1/specifications/powerbar-1.0.12.gemspec
I, [2015-09-04T16:25:34.268403 #58348]  INFO -- : 0:  minitest-reporters (0.14.24) from /Users/seth/Work/_gems/slug/vendor/ruby/1.9.1/specifications/minitest-reporters-0.14.24.gemspec
I, [2015-09-04T16:25:34.707318 #58348]  INFO -- : 0:  thor (0.19.1) from /Users/seth/Work/_gems/slug/vendor/ruby/1.9.1/specifications/thor-0.19.1.gemspec
I, [2015-09-04T16:25:35.268217 #58348]  INFO -- : 0:  railties (4.0.13) from /Users/seth/Work/_gems/slug/vendor/ruby/1.9.1/specifications/railties-4.0.13.gemspec
I, [2015-09-04T16:25:35.698087 #58348]  INFO -- : 0:  sprockets (3.3.4) from /Users/seth/Work/_gems/slug/vendor/ruby/1.9.1/specifications/sprockets-3.3.4.gemspec
I, [2015-09-04T16:25:35.991820 #58348]  INFO -- : 0:  sprockets-rails (2.3.2) from /Users/seth/Work/_gems/slug/vendor/ruby/1.9.1/specifications/sprockets-rails-2.3.2.gemspec
I, [2015-09-04T16:25:37.278815 #58348]  INFO -- : 0:  rails (4.0.13) from /Users/seth/Work/_gems/slug/vendor/ruby/1.9.1/specifications/rails-4.0.13.gemspec
I, [2015-09-04T16:25:37.707610 #58348]  INFO -- : 0:  minitest-spec-rails (4.7.8) from /Users/seth/Work/_gems/slug/vendor/ruby/1.9.1/specifications/minitest-spec-rails-4.7.8.gemspec
I, [2015-09-04T16:25:37.708141 #58348]  INFO -- : 0:  mocha (1.1.0) from /Users/seth/Work/_gems/slug/vendor/ruby/1.9.1/specifications/mocha-1.1.0.gemspec
I, [2015-09-04T16:25:37.708496 #58348]  INFO -- : 0:  spicycode-rcov (0.8.2.1) from /Users/seth/Work/_gems/slug/vendor/ruby/1.9.1/specifications/spicycode-rcov-0.8.2.1.gemspec
I, [2015-09-04T16:25:37.708810 #58348]  INFO -- : 0:  sqlite3 (1.3.10) from /Users/seth/Work/_gems/slug/vendor/ruby/1.9.1/specifications/sqlite3-1.3.10.gemspec
I, [2015-09-04T16:27:12.394053 #58532]  INFO -- : 0:  rake (10.4.2) from /Users/seth/Work/_gems/slug/vendor/ruby/1.9.1/specifications/rake-10.4.2.gemspec
I, [2015-09-04T16:27:12.394993 #58532]  INFO -- : 0:  i18n (0.7.0) from /Users/seth/Work/_gems/slug/vendor/ruby/1.9.1/specifications/i18n-0.7.0.gemspec
I, [2015-09-04T16:27:12.395373 #58532]  INFO -- : 0:  minitest (4.7.5) from /Users/seth/Work/_gems/slug/vendor/ruby/1.9.1/specifications/minitest-4.7.5.gemspec
I, [2015-09-04T16:27:12.395752 #58532]  INFO -- : 0:  multi_json (1.11.2) from /Users/seth/Work/_gems/slug/vendor/ruby/1.9.1/specifications/multi_json-1.11.2.gemspec
I, [2015-09-04T16:27:12.396137 #58532]  INFO -- : 0:  thread_safe (0.3.5) from /Users/seth/Work/_gems/slug/vendor/ruby/1.9.1/specifications/thread_safe-0.3.5.gemspec
I, [2015-09-04T16:27:12.396545 #58532]  INFO -- : 0:  tzinfo (0.3.44) from /Users/seth/Work/_gems/slug/vendor/ruby/1.9.1/specifications/tzinfo-0.3.44.gemspec
I, [2015-09-04T16:27:12.396946 #58532]  INFO -- : 0:  activesupport (4.0.13) from /Users/seth/Work/_gems/slug/vendor/ruby/1.9.1/specifications/activesupport-4.0.13.gemspec
I, [2015-09-04T16:27:12.397404 #58532]  INFO -- : 0:  builder (3.1.4) from /Users/seth/Work/_gems/slug/vendor/ruby/1.9.1/specifications/builder-3.1.4.gemspec
I, [2015-09-04T16:27:12.397879 #58532]  INFO -- : 0:  erubis (2.7.0) from /Users/seth/Work/_gems/slug/vendor/ruby/1.9.1/specifications/erubis-2.7.0.gemspec
I, [2015-09-04T16:27:12.398408 #58532]  INFO -- : 0:  rack (1.5.5) from /Users/seth/Work/_gems/slug/vendor/ruby/1.9.1/specifications/rack-1.5.5.gemspec
I, [2015-09-04T16:27:12.398988 #58532]  INFO -- : 0:  rack-test (0.6.3) from /Users/seth/Work/_gems/slug/vendor/ruby/1.9.1/specifications/rack-test-0.6.3.gemspec
I, [2015-09-04T16:27:12.399584 #58532]  INFO -- : 0:  actionpack (4.0.13) from /Users/seth/Work/_gems/slug/vendor/ruby/1.9.1/specifications/actionpack-4.0.13.gemspec
I, [2015-09-04T16:27:12.400242 #58532]  INFO -- : 0:  mime-types (2.6.1) from /Users/seth/Work/_gems/slug/vendor/ruby/1.9.1/specifications/mime-types-2.6.1.gemspec
I, [2015-09-04T16:27:12.400967 #58532]  INFO -- : 0:  mail (2.6.3) from /Users/seth/Work/_gems/slug/vendor/ruby/1.9.1/specifications/mail-2.6.3.gemspec
I, [2015-09-04T16:27:12.406362 #58532]  INFO -- : 0:  actionmailer (4.0.13) from /Users/seth/Work/_gems/slug/vendor/ruby/1.9.1/specifications/actionmailer-4.0.13.gemspec
I, [2015-09-04T16:27:12.406799 #58532]  INFO -- : 0:  activemodel (4.0.13) from /Users/seth/Work/_gems/slug/vendor/ruby/1.9.1/specifications/activemodel-4.0.13.gemspec
I, [2015-09-04T16:27:12.407256 #58532]  INFO -- : 0:  activerecord-deprecated_finders (1.0.4) from /Users/seth/Work/_gems/slug/vendor/ruby/1.9.1/specifications/activerecord-deprecated_finders-1.0.4.gemspec
I, [2015-09-04T16:27:12.407696 #58532]  INFO -- : 0:  arel (4.0.2) from /Users/seth/Work/_gems/slug/vendor/ruby/1.9.1/specifications/arel-4.0.2.gemspec
I, [2015-09-04T16:27:12.408250 #58532]  INFO -- : 0:  activerecord (4.0.13) from /Users/seth/Work/_gems/slug/vendor/ruby/1.9.1/specifications/activerecord-4.0.13.gemspec
I, [2015-09-04T16:27:12.408790 #58532]  INFO -- : 0:  addressable (2.3.8) from /Users/seth/Work/_gems/slug/vendor/ruby/1.9.1/specifications/addressable-2.3.8.gemspec
I, [2015-09-04T16:27:12.409345 #58532]  INFO -- : 0:  ansi (1.5.0) from /Users/seth/Work/_gems/slug/vendor/ruby/1.9.1/specifications/ansi-1.5.0.gemspec
I, [2015-09-04T16:27:12.409943 #58532]  INFO -- : 0:  descendants_tracker (0.0.4) from /Users/seth/Work/_gems/slug/vendor/ruby/1.9.1/specifications/descendants_tracker-0.0.4.gemspec
I, [2015-09-04T16:27:12.410529 #58532]  INFO -- : 0:  multipart-post (2.0.0) from /Users/seth/Work/_gems/slug/vendor/ruby/1.9.1/specifications/multipart-post-2.0.0.gemspec
I, [2015-09-04T16:27:12.411113 #58532]  INFO -- : 0:  faraday (0.9.1) from /Users/seth/Work/_gems/slug/vendor/ruby/1.9.1/specifications/faraday-0.9.1.gemspec
I, [2015-09-04T16:27:12.411724 #58532]  INFO -- : 0:  git (1.2.9.1) from /Users/seth/Work/_gems/slug/vendor/ruby/1.9.1/specifications/git-1.2.9.1.gemspec
I, [2015-09-04T16:27:12.412311 #58532]  INFO -- : 0:  hashie (3.4.2) from /Users/seth/Work/_gems/slug/vendor/ruby/1.9.1/specifications/hashie-3.4.2.gemspec
I, [2015-09-04T16:27:12.412908 #58532]  INFO -- : 0:  mini_portile (0.6.2) from /Users/seth/Work/_gems/slug/vendor/ruby/1.9.1/specifications/mini_portile-0.6.2.gemspec
I, [2015-09-04T16:27:12.413500 #58532]  INFO -- : 0:  nokogiri (1.6.6.2) from /Users/seth/Work/_gems/slug/vendor/ruby/1.9.1/specifications/nokogiri-1.6.6.2.gemspec
I, [2015-09-04T16:27:12.414076 #58532]  INFO -- : 0:  jwt (1.5.1) from /Users/seth/Work/_gems/slug/vendor/ruby/1.9.1/specifications/jwt-1.5.1.gemspec
I, [2015-09-04T16:27:12.414656 #58532]  INFO -- : 0:  multi_xml (0.5.5) from /Users/seth/Work/_gems/slug/vendor/ruby/1.9.1/specifications/multi_xml-0.5.5.gemspec
I, [2015-09-04T16:27:12.415204 #58532]  INFO -- : 0:  oauth2 (1.0.0) from /Users/seth/Work/_gems/slug/vendor/ruby/1.9.1/specifications/oauth2-1.0.0.gemspec
I, [2015-09-04T16:27:12.415547 #58532]  INFO -- : 0:  github_api (0.12.4) from /Users/seth/Work/_gems/slug/vendor/ruby/1.9.1/specifications/github_api-0.12.4.gemspec
I, [2015-09-04T16:27:12.415884 #58532]  INFO -- : 0:  highline (1.7.3) from /Users/seth/Work/_gems/slug/vendor/ruby/1.9.1/specifications/highline-1.7.3.gemspec
I, [2015-09-04T16:27:12.416218 #58532]  INFO -- : 0:  bundler (1.5.0) from /Users/seth/.rbenv/versions/1.9.3-p392/lib/ruby/gems/1.9.1/gems/bundler-1.5.0/lib/bundler/source
I, [2015-09-04T16:27:12.416616 #58532]  INFO -- : 0:  json (1.8.3) from /Users/seth/Work/_gems/slug/vendor/ruby/1.9.1/specifications/json-1.8.3.gemspec
I, [2015-09-04T16:27:12.417138 #58532]  INFO -- : 0:  rdoc (4.2.0) from /Users/seth/Work/_gems/slug/vendor/ruby/1.9.1/specifications/rdoc-4.2.0.gemspec
I, [2015-09-04T16:27:12.417556 #58532]  INFO -- : 0:  jeweler (2.0.1) from /Users/seth/Work/_gems/slug/vendor/ruby/1.9.1/specifications/jeweler-2.0.1.gemspec
I, [2015-09-04T16:27:12.417935 #58532]  INFO -- : 0:  metaclass (0.0.4) from /Users/seth/Work/_gems/slug/vendor/ruby/1.9.1/specifications/metaclass-0.0.4.gemspec
I, [2015-09-04T16:27:12.418383 #58532]  INFO -- : 0:  minitest-focus (1.1.2) from /Users/seth/Work/_gems/slug/vendor/ruby/1.9.1/specifications/minitest-focus-1.1.2.gemspec
I, [2015-09-04T16:27:12.418777 #58532]  INFO -- : 0:  powerbar (1.0.12) from /Users/seth/Work/_gems/slug/vendor/ruby/1.9.1/specifications/powerbar-1.0.12.gemspec
I, [2015-09-04T16:27:12.419165 #58532]  INFO -- : 0:  minitest-reporters (0.14.24) from /Users/seth/Work/_gems/slug/vendor/ruby/1.9.1/specifications/minitest-reporters-0.14.24.gemspec
I, [2015-09-04T16:27:12.419591 #58532]  INFO -- : 0:  thor (0.19.1) from /Users/seth/Work/_gems/slug/vendor/ruby/1.9.1/specifications/thor-0.19.1.gemspec
I, [2015-09-04T16:27:12.419996 #58532]  INFO -- : 0:  railties (4.0.13) from /Users/seth/Work/_gems/slug/vendor/ruby/1.9.1/specifications/railties-4.0.13.gemspec
I, [2015-09-04T16:27:12.420441 #58532]  INFO -- : 0:  sprockets (3.3.4) from /Users/seth/Work/_gems/slug/vendor/ruby/1.9.1/specifications/sprockets-3.3.4.gemspec
I, [2015-09-04T16:27:12.420895 #58532]  INFO -- : 0:  sprockets-rails (2.3.2) from /Users/seth/Work/_gems/slug/vendor/ruby/1.9.1/specifications/sprockets-rails-2.3.2.gemspec
I, [2015-09-04T16:27:12.421384 #58532]  INFO -- : 0:  rails (4.0.13) from /Users/seth/Work/_gems/slug/vendor/ruby/1.9.1/specifications/rails-4.0.13.gemspec
I, [2015-09-04T16:27:12.421912 #58532]  INFO -- : 0:  minitest-spec-rails (4.7.8) from /Users/seth/Work/_gems/slug/vendor/ruby/1.9.1/specifications/minitest-spec-rails-4.7.8.gemspec
I, [2015-09-04T16:27:12.422471 #58532]  INFO -- : 0:  mocha (1.1.0) from /Users/seth/Work/_gems/slug/vendor/ruby/1.9.1/specifications/mocha-1.1.0.gemspec
I, [2015-09-04T16:27:12.423060 #58532]  INFO -- : 0:  spicycode-rcov (0.8.2.1) from /Users/seth/Work/_gems/slug/vendor/ruby/1.9.1/specifications/spicycode-rcov-0.8.2.1.gemspec
I, [2015-09-04T16:27:12.423625 #58532]  INFO -- : 0:  sqlite3 (1.3.10) from /Users/seth/Work/_gems/slug/vendor/ruby/1.9.1/specifications/sqlite3-1.3.10.gemspec
I, [2015-09-04T16:28:34.722683 #58563]  INFO -- : 0:  rake (10.4.2) from /Users/seth/Work/_gems/slug/vendor/ruby/1.9.1/specifications/rake-10.4.2.gemspec
I, [2015-09-04T16:28:35.541167 #58563]  INFO -- : 0:  ZenTest (4.11.0) from /Users/seth/Work/_gems/slug/vendor/ruby/1.9.1/specifications/ZenTest-4.11.0.gemspec
I, [2015-09-04T16:28:35.541917 #58563]  INFO -- : 0:  i18n (0.7.0) from /Users/seth/Work/_gems/slug/vendor/ruby/1.9.1/specifications/i18n-0.7.0.gemspec
I, [2015-09-04T16:28:35.542571 #58563]  INFO -- : 0:  minitest (4.7.5) from /Users/seth/Work/_gems/slug/vendor/ruby/1.9.1/specifications/minitest-4.7.5.gemspec
I, [2015-09-04T16:28:35.543246 #58563]  INFO -- : 0:  multi_json (1.11.2) from /Users/seth/Work/_gems/slug/vendor/ruby/1.9.1/specifications/multi_json-1.11.2.gemspec
I, [2015-09-04T16:28:35.543762 #58563]  INFO -- : 0:  thread_safe (0.3.5) from /Users/seth/Work/_gems/slug/vendor/ruby/1.9.1/specifications/thread_safe-0.3.5.gemspec
I, [2015-09-04T16:28:35.544268 #58563]  INFO -- : 0:  tzinfo (0.3.44) from /Users/seth/Work/_gems/slug/vendor/ruby/1.9.1/specifications/tzinfo-0.3.44.gemspec
I, [2015-09-04T16:28:35.544763 #58563]  INFO -- : 0:  activesupport (4.0.13) from /Users/seth/Work/_gems/slug/vendor/ruby/1.9.1/specifications/activesupport-4.0.13.gemspec
I, [2015-09-04T16:28:35.545269 #58563]  INFO -- : 0:  builder (3.1.4) from /Users/seth/Work/_gems/slug/vendor/ruby/1.9.1/specifications/builder-3.1.4.gemspec
I, [2015-09-04T16:28:35.545748 #58563]  INFO -- : 0:  erubis (2.7.0) from /Users/seth/Work/_gems/slug/vendor/ruby/1.9.1/specifications/erubis-2.7.0.gemspec
I, [2015-09-04T16:28:35.546272 #58563]  INFO -- : 0:  rack (1.5.5) from /Users/seth/Work/_gems/slug/vendor/ruby/1.9.1/specifications/rack-1.5.5.gemspec
I, [2015-09-04T16:28:35.546784 #58563]  INFO -- : 0:  rack-test (0.6.3) from /Users/seth/Work/_gems/slug/vendor/ruby/1.9.1/specifications/rack-test-0.6.3.gemspec
I, [2015-09-04T16:28:35.547295 #58563]  INFO -- : 0:  actionpack (4.0.13) from /Users/seth/Work/_gems/slug/vendor/ruby/1.9.1/specifications/actionpack-4.0.13.gemspec
I, [2015-09-04T16:28:35.547801 #58563]  INFO -- : 0:  mime-types (2.6.1) from /Users/seth/Work/_gems/slug/vendor/ruby/1.9.1/specifications/mime-types-2.6.1.gemspec
I, [2015-09-04T16:28:35.548312 #58563]  INFO -- : 0:  mail (2.6.3) from /Users/seth/Work/_gems/slug/vendor/ruby/1.9.1/specifications/mail-2.6.3.gemspec
I, [2015-09-04T16:28:35.548833 #58563]  INFO -- : 0:  actionmailer (4.0.13) from /Users/seth/Work/_gems/slug/vendor/ruby/1.9.1/specifications/actionmailer-4.0.13.gemspec
I, [2015-09-04T16:28:35.549334 #58563]  INFO -- : 0:  activemodel (4.0.13) from /Users/seth/Work/_gems/slug/vendor/ruby/1.9.1/specifications/activemodel-4.0.13.gemspec
I, [2015-09-04T16:28:35.549852 #58563]  INFO -- : 0:  activerecord-deprecated_finders (1.0.4) from /Users/seth/Work/_gems/slug/vendor/ruby/1.9.1/specifications/activerecord-deprecated_finders-1.0.4.gemspec
I, [2015-09-04T16:28:35.550361 #58563]  INFO -- : 0:  arel (4.0.2) from /Users/seth/Work/_gems/slug/vendor/ruby/1.9.1/specifications/arel-4.0.2.gemspec
I, [2015-09-04T16:28:35.550924 #58563]  INFO -- : 0:  activerecord (4.0.13) from /Users/seth/Work/_gems/slug/vendor/ruby/1.9.1/specifications/activerecord-4.0.13.gemspec
I, [2015-09-04T16:28:35.551460 #58563]  INFO -- : 0:  addressable (2.3.8) from /Users/seth/Work/_gems/slug/vendor/ruby/1.9.1/specifications/addressable-2.3.8.gemspec
I, [2015-09-04T16:28:35.551992 #58563]  INFO -- : 0:  ansi (1.5.0) from /Users/seth/Work/_gems/slug/vendor/ruby/1.9.1/specifications/ansi-1.5.0.gemspec
I, [2015-09-04T16:28:35.901605 #58563]  INFO -- : 0:  autotest (4.4.6) from /Users/seth/Work/_gems/slug/vendor/ruby/1.9.1/specifications/autotest-4.4.6.gemspec
I, [2015-09-04T16:28:41.404828 #58563]  INFO -- : 0:  ffi (1.9.10) from /Users/seth/Work/_gems/slug/vendor/ruby/1.9.1/specifications/ffi-1.9.10.gemspec
I, [2015-09-04T16:28:41.862689 #58563]  INFO -- : 0:  sys-uname (1.0.2) from /Users/seth/Work/_gems/slug/vendor/ruby/1.9.1/specifications/sys-uname-1.0.2.gemspec
I, [2015-09-04T16:28:42.832267 #58563]  INFO -- : 0:  autotest-fsevent (0.2.10) from /Users/seth/Work/_gems/slug/vendor/ruby/1.9.1/specifications/autotest-fsevent-0.2.10.gemspec
I, [2015-09-04T16:28:43.774302 #58563]  INFO -- : 0:  autotest-growl (0.2.16) from /Users/seth/Work/_gems/slug/vendor/ruby/1.9.1/specifications/autotest-growl-0.2.16.gemspec
I, [2015-09-04T16:28:43.774829 #58563]  INFO -- : 0:  bundler (1.5.0) from /Users/seth/.rbenv/versions/1.9.3-p392/lib/ruby/gems/1.9.1/gems/bundler-1.5.0/lib/bundler/source
I, [2015-09-04T16:28:43.775223 #58563]  INFO -- : 0:  descendants_tracker (0.0.4) from /Users/seth/Work/_gems/slug/vendor/ruby/1.9.1/specifications/descendants_tracker-0.0.4.gemspec
I, [2015-09-04T16:28:43.775602 #58563]  INFO -- : 0:  multipart-post (2.0.0) from /Users/seth/Work/_gems/slug/vendor/ruby/1.9.1/specifications/multipart-post-2.0.0.gemspec
I, [2015-09-04T16:28:43.776178 #58563]  INFO -- : 0:  faraday (0.9.1) from /Users/seth/Work/_gems/slug/vendor/ruby/1.9.1/specifications/faraday-0.9.1.gemspec
I, [2015-09-04T16:28:43.776560 #58563]  INFO -- : 0:  git (1.2.9.1) from /Users/seth/Work/_gems/slug/vendor/ruby/1.9.1/specifications/git-1.2.9.1.gemspec
I, [2015-09-04T16:28:43.776978 #58563]  INFO -- : 0:  hashie (3.4.2) from /Users/seth/Work/_gems/slug/vendor/ruby/1.9.1/specifications/hashie-3.4.2.gemspec
I, [2015-09-04T16:28:43.777583 #58563]  INFO -- : 0:  mini_portile (0.6.2) from /Users/seth/Work/_gems/slug/vendor/ruby/1.9.1/specifications/mini_portile-0.6.2.gemspec
I, [2015-09-04T16:28:43.778134 #58563]  INFO -- : 0:  nokogiri (1.6.6.2) from /Users/seth/Work/_gems/slug/vendor/ruby/1.9.1/specifications/nokogiri-1.6.6.2.gemspec
I, [2015-09-04T16:28:43.778701 #58563]  INFO -- : 0:  jwt (1.5.1) from /Users/seth/Work/_gems/slug/vendor/ruby/1.9.1/specifications/jwt-1.5.1.gemspec
I, [2015-09-04T16:28:43.779090 #58563]  INFO -- : 0:  multi_xml (0.5.5) from /Users/seth/Work/_gems/slug/vendor/ruby/1.9.1/specifications/multi_xml-0.5.5.gemspec
I, [2015-09-04T16:28:43.779446 #58563]  INFO -- : 0:  oauth2 (1.0.0) from /Users/seth/Work/_gems/slug/vendor/ruby/1.9.1/specifications/oauth2-1.0.0.gemspec
I, [2015-09-04T16:28:43.780116 #58563]  INFO -- : 0:  github_api (0.12.4) from /Users/seth/Work/_gems/slug/vendor/ruby/1.9.1/specifications/github_api-0.12.4.gemspec
I, [2015-09-04T16:28:43.780744 #58563]  INFO -- : 0:  highline (1.7.3) from /Users/seth/Work/_gems/slug/vendor/ruby/1.9.1/specifications/highline-1.7.3.gemspec
I, [2015-09-04T16:28:43.781573 #58563]  INFO -- : 0:  json (1.8.3) from /Users/seth/Work/_gems/slug/vendor/ruby/1.9.1/specifications/json-1.8.3.gemspec
I, [2015-09-04T16:28:43.782074 #58563]  INFO -- : 0:  rdoc (4.2.0) from /Users/seth/Work/_gems/slug/vendor/ruby/1.9.1/specifications/rdoc-4.2.0.gemspec
I, [2015-09-04T16:28:43.782764 #58563]  INFO -- : 0:  jeweler (2.0.1) from /Users/seth/Work/_gems/slug/vendor/ruby/1.9.1/specifications/jeweler-2.0.1.gemspec
I, [2015-09-04T16:28:43.783287 #58563]  INFO -- : 0:  metaclass (0.0.4) from /Users/seth/Work/_gems/slug/vendor/ruby/1.9.1/specifications/metaclass-0.0.4.gemspec
I, [2015-09-04T16:28:43.783689 #58563]  INFO -- : 0:  minitest-focus (1.1.2) from /Users/seth/Work/_gems/slug/vendor/ruby/1.9.1/specifications/minitest-focus-1.1.2.gemspec
I, [2015-09-04T16:28:43.784104 #58563]  INFO -- : 0:  powerbar (1.0.12) from /Users/seth/Work/_gems/slug/vendor/ruby/1.9.1/specifications/powerbar-1.0.12.gemspec
I, [2015-09-04T16:28:43.784487 #58563]  INFO -- : 0:  minitest-reporters (0.14.24) from /Users/seth/Work/_gems/slug/vendor/ruby/1.9.1/specifications/minitest-reporters-0.14.24.gemspec
I, [2015-09-04T16:28:43.784870 #58563]  INFO -- : 0:  thor (0.19.1) from /Users/seth/Work/_gems/slug/vendor/ruby/1.9.1/specifications/thor-0.19.1.gemspec
I, [2015-09-04T16:28:43.785207 #58563]  INFO -- : 0:  railties (4.0.13) from /Users/seth/Work/_gems/slug/vendor/ruby/1.9.1/specifications/railties-4.0.13.gemspec
I, [2015-09-04T16:28:43.785504 #58563]  INFO -- : 0:  sprockets (3.3.4) from /Users/seth/Work/_gems/slug/vendor/ruby/1.9.1/specifications/sprockets-3.3.4.gemspec
I, [2015-09-04T16:28:43.785848 #58563]  INFO -- : 0:  sprockets-rails (2.3.2) from /Users/seth/Work/_gems/slug/vendor/ruby/1.9.1/specifications/sprockets-rails-2.3.2.gemspec
I, [2015-09-04T16:28:43.786176 #58563]  INFO -- : 0:  rails (4.0.13) from /Users/seth/Work/_gems/slug/vendor/ruby/1.9.1/specifications/rails-4.0.13.gemspec
I, [2015-09-04T16:28:43.786550 #58563]  INFO -- : 0:  minitest-spec-rails (4.7.8) from /Users/seth/Work/_gems/slug/vendor/ruby/1.9.1/specifications/minitest-spec-rails-4.7.8.gemspec
I, [2015-09-04T16:28:43.786974 #58563]  INFO -- : 0:  mocha (1.1.0) from /Users/seth/Work/_gems/slug/vendor/ruby/1.9.1/specifications/mocha-1.1.0.gemspec
I, [2015-09-04T16:28:43.787342 #58563]  INFO -- : 0:  spicycode-rcov (0.8.2.1) from /Users/seth/Work/_gems/slug/vendor/ruby/1.9.1/specifications/spicycode-rcov-0.8.2.1.gemspec
I, [2015-09-04T16:28:43.787694 #58563]  INFO -- : 0:  sqlite3 (1.3.10) from /Users/seth/Work/_gems/slug/vendor/ruby/1.9.1/specifications/sqlite3-1.3.10.gemspec
I, [2015-09-04T16:37:48.334521 #59833]  INFO -- : 0:  rake (10.4.2) from /Users/seth/Work/_gems/slug/vendor/ruby/1.9.1/specifications/rake-10.4.2.gemspec
I, [2015-09-04T16:37:48.335395 #59833]  INFO -- : 0:  ZenTest (4.11.0) from /Users/seth/Work/_gems/slug/vendor/ruby/1.9.1/specifications/ZenTest-4.11.0.gemspec
I, [2015-09-04T16:37:48.335721 #59833]  INFO -- : 0:  i18n (0.7.0) from /Users/seth/Work/_gems/slug/vendor/ruby/1.9.1/specifications/i18n-0.7.0.gemspec
I, [2015-09-04T16:37:48.336068 #59833]  INFO -- : 0:  minitest (4.7.5) from /Users/seth/Work/_gems/slug/vendor/ruby/1.9.1/specifications/minitest-4.7.5.gemspec
I, [2015-09-04T16:37:48.337072 #59833]  INFO -- : 0:  multi_json (1.11.2) from /Users/seth/Work/_gems/slug/vendor/ruby/1.9.1/specifications/multi_json-1.11.2.gemspec
I, [2015-09-04T16:37:48.337454 #59833]  INFO -- : 0:  thread_safe (0.3.5) from /Users/seth/Work/_gems/slug/vendor/ruby/1.9.1/specifications/thread_safe-0.3.5.gemspec
I, [2015-09-04T16:37:48.337814 #59833]  INFO -- : 0:  tzinfo (0.3.44) from /Users/seth/Work/_gems/slug/vendor/ruby/1.9.1/specifications/tzinfo-0.3.44.gemspec
I, [2015-09-04T16:37:48.338200 #59833]  INFO -- : 0:  activesupport (4.0.13) from /Users/seth/Work/_gems/slug/vendor/ruby/1.9.1/specifications/activesupport-4.0.13.gemspec
I, [2015-09-04T16:37:48.338595 #59833]  INFO -- : 0:  builder (3.1.4) from /Users/seth/Work/_gems/slug/vendor/ruby/1.9.1/specifications/builder-3.1.4.gemspec
I, [2015-09-04T16:37:48.339005 #59833]  INFO -- : 0:  erubis (2.7.0) from /Users/seth/Work/_gems/slug/vendor/ruby/1.9.1/specifications/erubis-2.7.0.gemspec
I, [2015-09-04T16:37:48.339425 #59833]  INFO -- : 0:  rack (1.5.5) from /Users/seth/Work/_gems/slug/vendor/ruby/1.9.1/specifications/rack-1.5.5.gemspec
I, [2015-09-04T16:37:48.339866 #59833]  INFO -- : 0:  rack-test (0.6.3) from /Users/seth/Work/_gems/slug/vendor/ruby/1.9.1/specifications/rack-test-0.6.3.gemspec
I, [2015-09-04T16:37:48.340380 #59833]  INFO -- : 0:  actionpack (4.0.13) from /Users/seth/Work/_gems/slug/vendor/ruby/1.9.1/specifications/actionpack-4.0.13.gemspec
I, [2015-09-04T16:37:48.340920 #59833]  INFO -- : 0:  mime-types (2.6.1) from /Users/seth/Work/_gems/slug/vendor/ruby/1.9.1/specifications/mime-types-2.6.1.gemspec
I, [2015-09-04T16:37:48.341339 #59833]  INFO -- : 0:  mail (2.6.3) from /Users/seth/Work/_gems/slug/vendor/ruby/1.9.1/specifications/mail-2.6.3.gemspec
I, [2015-09-04T16:37:48.341818 #59833]  INFO -- : 0:  actionmailer (4.0.13) from /Users/seth/Work/_gems/slug/vendor/ruby/1.9.1/specifications/actionmailer-4.0.13.gemspec
I, [2015-09-04T16:37:48.342293 #59833]  INFO -- : 0:  activemodel (4.0.13) from /Users/seth/Work/_gems/slug/vendor/ruby/1.9.1/specifications/activemodel-4.0.13.gemspec
I, [2015-09-04T16:37:48.342761 #59833]  INFO -- : 0:  activerecord-deprecated_finders (1.0.4) from /Users/seth/Work/_gems/slug/vendor/ruby/1.9.1/specifications/activerecord-deprecated_finders-1.0.4.gemspec
I, [2015-09-04T16:37:48.343293 #59833]  INFO -- : 0:  arel (4.0.2) from /Users/seth/Work/_gems/slug/vendor/ruby/1.9.1/specifications/arel-4.0.2.gemspec
I, [2015-09-04T16:37:48.343917 #59833]  INFO -- : 0:  activerecord (4.0.13) from /Users/seth/Work/_gems/slug/vendor/ruby/1.9.1/specifications/activerecord-4.0.13.gemspec
I, [2015-09-04T16:37:48.344505 #59833]  INFO -- : 0:  addressable (2.3.8) from /Users/seth/Work/_gems/slug/vendor/ruby/1.9.1/specifications/addressable-2.3.8.gemspec
I, [2015-09-04T16:37:48.345156 #59833]  INFO -- : 0:  ansi (1.5.0) from /Users/seth/Work/_gems/slug/vendor/ruby/1.9.1/specifications/ansi-1.5.0.gemspec
I, [2015-09-04T16:37:48.345512 #59833]  INFO -- : 0:  autotest (4.4.6) from /Users/seth/Work/_gems/slug/vendor/ruby/1.9.1/specifications/autotest-4.4.6.gemspec
I, [2015-09-04T16:37:48.345847 #59833]  INFO -- : 0:  ffi (1.9.10) from /Users/seth/Work/_gems/slug/vendor/ruby/1.9.1/specifications/ffi-1.9.10.gemspec
I, [2015-09-04T16:37:48.346227 #59833]  INFO -- : 0:  sys-uname (1.0.2) from /Users/seth/Work/_gems/slug/vendor/ruby/1.9.1/specifications/sys-uname-1.0.2.gemspec
I, [2015-09-04T16:37:48.346589 #59833]  INFO -- : 0:  autotest-fsevent (0.2.10) from /Users/seth/Work/_gems/slug/vendor/ruby/1.9.1/specifications/autotest-fsevent-0.2.10.gemspec
I, [2015-09-04T16:37:48.346954 #59833]  INFO -- : 0:  autotest-growl (0.2.16) from /Users/seth/Work/_gems/slug/vendor/ruby/1.9.1/specifications/autotest-growl-0.2.16.gemspec
I, [2015-09-04T16:37:48.347357 #59833]  INFO -- : 0:  descendants_tracker (0.0.4) from /Users/seth/Work/_gems/slug/vendor/ruby/1.9.1/specifications/descendants_tracker-0.0.4.gemspec
I, [2015-09-04T16:37:48.347757 #59833]  INFO -- : 0:  multipart-post (2.0.0) from /Users/seth/Work/_gems/slug/vendor/ruby/1.9.1/specifications/multipart-post-2.0.0.gemspec
I, [2015-09-04T16:37:48.348268 #59833]  INFO -- : 0:  faraday (0.9.1) from /Users/seth/Work/_gems/slug/vendor/ruby/1.9.1/specifications/faraday-0.9.1.gemspec
I, [2015-09-04T16:37:48.348710 #59833]  INFO -- : 0:  git (1.2.9.1) from /Users/seth/Work/_gems/slug/vendor/ruby/1.9.1/specifications/git-1.2.9.1.gemspec
I, [2015-09-04T16:37:48.349210 #59833]  INFO -- : 0:  hashie (3.4.2) from /Users/seth/Work/_gems/slug/vendor/ruby/1.9.1/specifications/hashie-3.4.2.gemspec
I, [2015-09-04T16:37:48.349673 #59833]  INFO -- : 0:  mini_portile (0.6.2) from /Users/seth/Work/_gems/slug/vendor/ruby/1.9.1/specifications/mini_portile-0.6.2.gemspec
I, [2015-09-04T16:37:48.350150 #59833]  INFO -- : 0:  nokogiri (1.6.6.2) from /Users/seth/Work/_gems/slug/vendor/ruby/1.9.1/specifications/nokogiri-1.6.6.2.gemspec
I, [2015-09-04T16:37:48.350644 #59833]  INFO -- : 0:  jwt (1.5.1) from /Users/seth/Work/_gems/slug/vendor/ruby/1.9.1/specifications/jwt-1.5.1.gemspec
I, [2015-09-04T16:37:48.351151 #59833]  INFO -- : 0:  multi_xml (0.5.5) from /Users/seth/Work/_gems/slug/vendor/ruby/1.9.1/specifications/multi_xml-0.5.5.gemspec
I, [2015-09-04T16:37:48.351742 #59833]  INFO -- : 0:  oauth2 (1.0.0) from /Users/seth/Work/_gems/slug/vendor/ruby/1.9.1/specifications/oauth2-1.0.0.gemspec
I, [2015-09-04T16:37:48.352343 #59833]  INFO -- : 0:  github_api (0.12.4) from /Users/seth/Work/_gems/slug/vendor/ruby/1.9.1/specifications/github_api-0.12.4.gemspec
I, [2015-09-04T16:37:48.352948 #59833]  INFO -- : 0:  highline (1.7.3) from /Users/seth/Work/_gems/slug/vendor/ruby/1.9.1/specifications/highline-1.7.3.gemspec
I, [2015-09-04T16:37:48.353509 #59833]  INFO -- : 0:  bundler (1.5.0) from /Users/seth/.rbenv/versions/1.9.3-p392/lib/ruby/gems/1.9.1/gems/bundler-1.5.0/lib/bundler/source
I, [2015-09-04T16:37:48.354103 #59833]  INFO -- : 0:  json (1.8.3) from /Users/seth/Work/_gems/slug/vendor/ruby/1.9.1/specifications/json-1.8.3.gemspec
I, [2015-09-04T16:37:48.354742 #59833]  INFO -- : 0:  rdoc (4.2.0) from /Users/seth/Work/_gems/slug/vendor/ruby/1.9.1/specifications/rdoc-4.2.0.gemspec
I, [2015-09-04T16:37:48.355255 #59833]  INFO -- : 0:  jeweler (2.0.1) from /Users/seth/Work/_gems/slug/vendor/ruby/1.9.1/specifications/jeweler-2.0.1.gemspec
I, [2015-09-04T16:37:48.355606 #59833]  INFO -- : 0:  metaclass (0.0.4) from /Users/seth/Work/_gems/slug/vendor/ruby/1.9.1/specifications/metaclass-0.0.4.gemspec
I, [2015-09-04T16:37:48.355948 #59833]  INFO -- : 0:  minitest-focus (1.1.2) from /Users/seth/Work/_gems/slug/vendor/ruby/1.9.1/specifications/minitest-focus-1.1.2.gemspec
I, [2015-09-04T16:37:48.356333 #59833]  INFO -- : 0:  powerbar (1.0.12) from /Users/seth/Work/_gems/slug/vendor/ruby/1.9.1/specifications/powerbar-1.0.12.gemspec
I, [2015-09-04T16:37:48.356743 #59833]  INFO -- : 0:  minitest-reporters (0.14.24) from /Users/seth/Work/_gems/slug/vendor/ruby/1.9.1/specifications/minitest-reporters-0.14.24.gemspec
I, [2015-09-04T16:37:48.357150 #59833]  INFO -- : 0:  thor (0.19.1) from /Users/seth/Work/_gems/slug/vendor/ruby/1.9.1/specifications/thor-0.19.1.gemspec
I, [2015-09-04T16:37:48.357629 #59833]  INFO -- : 0:  railties (4.0.13) from /Users/seth/Work/_gems/slug/vendor/ruby/1.9.1/specifications/railties-4.0.13.gemspec
I, [2015-09-04T16:37:48.358080 #59833]  INFO -- : 0:  sprockets (3.3.4) from /Users/seth/Work/_gems/slug/vendor/ruby/1.9.1/specifications/sprockets-3.3.4.gemspec
I, [2015-09-04T16:37:48.358583 #59833]  INFO -- : 0:  sprockets-rails (2.3.2) from /Users/seth/Work/_gems/slug/vendor/ruby/1.9.1/specifications/sprockets-rails-2.3.2.gemspec
I, [2015-09-04T16:37:48.359084 #59833]  INFO -- : 0:  rails (4.0.13) from /Users/seth/Work/_gems/slug/vendor/ruby/1.9.1/specifications/rails-4.0.13.gemspec
I, [2015-09-04T16:37:48.359668 #59833]  INFO -- : 0:  minitest-spec-rails (4.7.8) from /Users/seth/Work/_gems/slug/vendor/ruby/1.9.1/specifications/minitest-spec-rails-4.7.8.gemspec
I, [2015-09-04T16:37:48.360278 #59833]  INFO -- : 0:  mocha (1.1.0) from /Users/seth/Work/_gems/slug/vendor/ruby/1.9.1/specifications/mocha-1.1.0.gemspec
I, [2015-09-04T16:37:48.360893 #59833]  INFO -- : 0:  spicycode-rcov (0.8.2.1) from /Users/seth/Work/_gems/slug/vendor/ruby/1.9.1/specifications/spicycode-rcov-0.8.2.1.gemspec
I, [2015-09-04T16:37:48.361383 #59833]  INFO -- : 0:  sqlite3 (1.3.10) from /Users/seth/Work/_gems/slug/vendor/ruby/1.9.1/specifications/sqlite3-1.3.10.gemspec
